<?xml version="1.0" encoding="UTF-8"?>
<!-- Generated by org.testng.reporters.JUnitXMLReporter -->
<testsuite ignored="0" hostname="ttnpl-5559" failures="2" tests="148" name="Test Chrome" time="2118.581" errors="0"
           timestamp="2025-02-18T19:38:06 IST">
    <testcase classname="vahanReportView.msil.tests.Com.Ttn.WebAutomation.DownloadVahanReportTest" name="POCDP"
              time="46.671"/>
    <testcase classname="vahanReportView.msil.tests.Com.Ttn.WebAutomation.DownloadVahanReportTest" name="POCDP"
              time="46.724"/>
    <testcase classname="vahanReportView.msil.tests.Com.Ttn.WebAutomation.DownloadVahanReportTest" name="POCDP"
              time="46.599"/>
    <testcase classname="vahanReportView.msil.tests.Com.Ttn.WebAutomation.DownloadVahanReportTest" name="POCDP"
              time="47.046"/>
    <testcase classname="vahanReportView.msil.tests.Com.Ttn.WebAutomation.DownloadVahanReportTest" name="POCDP"
              time="48.438"/>
    <testcase classname="vahanReportView.msil.tests.Com.Ttn.WebAutomation.DownloadVahanReportTest" name="POCDP"
              time="47.949"/>
    <testcase classname="vahanReportView.msil.tests.Com.Ttn.WebAutomation.DownloadVahanReportTest" name="POCDP"
              time="47.206"/>
    <testcase classname="vahanReportView.msil.tests.Com.Ttn.WebAutomation.DownloadVahanReportTest" name="POCDP"
              time="47.358"/>
    <testcase classname="vahanReportView.msil.tests.Com.Ttn.WebAutomation.DownloadVahanReportTest" name="POCDP"
              time="46.561"/>
    <testcase classname="vahanReportView.msil.tests.Com.Ttn.WebAutomation.DownloadVahanReportTest" name="POCDP"
              time="47.329"/>
    <testcase classname="vahanReportView.msil.tests.Com.Ttn.WebAutomation.DownloadVahanReportTest" name="POCDP"
              time="48.06"/>
    <testcase classname="vahanReportView.msil.tests.Com.Ttn.WebAutomation.DownloadVahanReportTest" name="POCDP"
              time="46.324"/>
    <testcase classname="vahanReportView.msil.tests.Com.Ttn.WebAutomation.DownloadVahanReportTest" name="POCDP"
              time="48.446"/>
    <testcase classname="vahanReportView.msil.tests.Com.Ttn.WebAutomation.DownloadVahanReportTest" name="POCDP"
              time="45.996"/>
    <testcase classname="vahanReportView.msil.tests.Com.Ttn.WebAutomation.DownloadVahanReportTest" name="POCDP"
              time="45.595"/>
    <testcase classname="vahanReportView.msil.tests.Com.Ttn.WebAutomation.DownloadVahanReportTest" name="POCDP"
              time="45.628"/>
    <testcase classname="vahanReportView.msil.tests.Com.Ttn.WebAutomation.DownloadVahanReportTest" name="POCDP"
              time="46.518"/>
    <testcase classname="vahanReportView.msil.tests.Com.Ttn.WebAutomation.DownloadVahanReportTest" name="POCDP"
              time="46.227"/>
    <testcase classname="vahanReportView.msil.tests.Com.Ttn.WebAutomation.DownloadVahanReportTest" name="POCDP"
              time="48.888"/>
    <testcase classname="vahanReportView.msil.tests.Com.Ttn.WebAutomation.DownloadVahanReportTest" name="POCDP"
              time="48.611"/>
    <testcase classname="vahanReportView.msil.tests.Com.Ttn.WebAutomation.DownloadVahanReportTest" name="POCDP"
              time="46.493"/>
    <testcase classname="vahanReportView.msil.tests.Com.Ttn.WebAutomation.DownloadVahanReportTest" name="POCDP"
              time="46.841"/>
    <testcase classname="vahanReportView.msil.tests.Com.Ttn.WebAutomation.DownloadVahanReportTest" name="POCDP"
              time="47.093"/>
    <testcase classname="vahanReportView.msil.tests.Com.Ttn.WebAutomation.DownloadVahanReportTest" name="POCDP"
              time="45.409"/>
    <testcase classname="vahanReportView.msil.tests.Com.Ttn.WebAutomation.DownloadVahanReportTest" name="POCDP"
              time="45.912"/>
    <testcase classname="vahanReportView.msil.tests.Com.Ttn.WebAutomation.DownloadVahanReportTest" name="POCDP"
              time="45.069"/>
    <testcase classname="vahanReportView.msil.tests.Com.Ttn.WebAutomation.DownloadVahanReportTest" name="POCDP"
              time="45.109"/>
    <testcase classname="vahanReportView.msil.tests.Com.Ttn.WebAutomation.DownloadVahanReportTest" name="POCDP"
              time="46.953"/>
    <testcase classname="vahanReportView.msil.tests.Com.Ttn.WebAutomation.DownloadVahanReportTest" name="POCDP"
              time="48.159"/>
    <testcase classname="vahanReportView.msil.tests.Com.Ttn.WebAutomation.DownloadVahanReportTest" name="POCDP"
              time="47.687"/>
    <testcase classname="vahanReportView.msil.tests.Com.Ttn.WebAutomation.DownloadVahanReportTest" name="POCDP"
              time="45.84"/>
    <testcase classname="vahanReportView.msil.tests.Com.Ttn.WebAutomation.DownloadVahanReportTest" name="POCDP"
              time="45.869"/>
    <testcase classname="vahanReportView.msil.tests.Com.Ttn.WebAutomation.DownloadVahanReportTest" name="POCDP"
              time="47.932"/>
    <testcase classname="vahanReportView.msil.tests.Com.Ttn.WebAutomation.DownloadVahanReportTest" name="POCDP"
              time="46.071"/>
    <testcase classname="vahanReportView.msil.tests.Com.Ttn.WebAutomation.DownloadVahanReportTest" name="POCDP"
              time="45.621"/>
    <testcase classname="vahanReportView.msil.tests.Com.Ttn.WebAutomation.DownloadVahanReportTest" name="POCDP"
              time="45.862"/>
    <testcase classname="vahanReportView.msil.tests.Com.Ttn.WebAutomation.DownloadVahanReportTest" name="POCDP"
              time="46.163"/>
    <testcase classname="vahanReportView.msil.tests.Com.Ttn.WebAutomation.DownloadVahanReportTest" name="POCDP"
              time="45.739"/>
    <testcase classname="vahanReportView.msil.tests.Com.Ttn.WebAutomation.DownloadVahanReportTest" name="POCDP"
              time="45.997"/>
    <testcase classname="vahanReportView.msil.tests.Com.Ttn.WebAutomation.DownloadVahanReportTest" name="POCDP"
              time="45.085"/>
    <testcase classname="vahanReportView.msil.tests.Com.Ttn.WebAutomation.DownloadVahanReportTest" name="POCDP"
              time="45.51"/>
    <testcase classname="vahanReportView.msil.tests.Com.Ttn.WebAutomation.DownloadVahanReportTest" name="POCDP"
              time="45.317"/>
    <testcase classname="vahanReportView.msil.tests.Com.Ttn.WebAutomation.DownloadVahanReportTest" name="POCDP"
              time="45.033"/>
    <testcase classname="vahanReportView.msil.tests.Com.Ttn.WebAutomation.DownloadVahanReportTest" name="POCDP"
              time="61.001">
        <failure type="java.lang.AssertionError" message="null">
            <![CDATA[java.lang.AssertionError: null
at com.ttn.WebAutomation.pageObjects.vahanDashboard.RtoVahaanReports.VerifyVahanReportDownload(RTO_VahanReports.java:117)
at vahanReportView.msil.tests.Com.Ttn.WebAutomation.DownloadVahanReportTest.POCDP(DownloadVahanReportTest.java:36)
at java.base/java.util.concurrent.ThreadPoolExecutor.runWorker(ThreadPoolExecutor.java:1136)
at java.base/java.util.concurrent.ThreadPoolExecutor$Worker.run(ThreadPoolExecutor.java:635)
at java.base/java.lang.Thread.run(Thread.java:840)
... Removed 13 stack frames]]>
        </failure>
    </testcase> <!-- POCDP -->
    <testcase classname="vahanReportView.msil.tests.Com.Ttn.WebAutomation.DownloadVahanReportTest" name="POCDP"
              time="45.556"/>
    <testcase classname="vahanReportView.msil.tests.Com.Ttn.WebAutomation.DownloadVahanReportTest" name="POCDP"
              time="45.814"/>
    <testcase classname="vahanReportView.msil.tests.Com.Ttn.WebAutomation.DownloadVahanReportTest" name="POCDP"
              time="46.999"/>
    <testcase classname="vahanReportView.msil.tests.Com.Ttn.WebAutomation.DownloadVahanReportTest" name="POCDP"
              time="55.927"/>
    <testcase classname="vahanReportView.msil.tests.Com.Ttn.WebAutomation.DownloadVahanReportTest" name="POCDP"
              time="45.697"/>
    <testcase classname="vahanReportView.msil.tests.Com.Ttn.WebAutomation.DownloadVahanReportTest" name="POCDP"
              time="45.639"/>
    <testcase classname="vahanReportView.msil.tests.Com.Ttn.WebAutomation.DownloadVahanReportTest" name="POCDP"
              time="45.613"/>
    <testcase classname="vahanReportView.msil.tests.Com.Ttn.WebAutomation.DownloadVahanReportTest" name="POCDP"
              time="46.447"/>
    <testcase classname="vahanReportView.msil.tests.Com.Ttn.WebAutomation.DownloadVahanReportTest" name="POCDP"
              time="46.085"/>
    <testcase classname="vahanReportView.msil.tests.Com.Ttn.WebAutomation.DownloadVahanReportTest" name="POCDP"
              time="46.873"/>
    <testcase classname="vahanReportView.msil.tests.Com.Ttn.WebAutomation.DownloadVahanReportTest" name="POCDP"
              time="45.745"/>
    <testcase classname="vahanReportView.msil.tests.Com.Ttn.WebAutomation.DownloadVahanReportTest" name="POCDP"
              time="45.534"/>
    <testcase classname="vahanReportView.msil.tests.Com.Ttn.WebAutomation.DownloadVahanReportTest" name="POCDP"
              time="45.732"/>
    <testcase classname="vahanReportView.msil.tests.Com.Ttn.WebAutomation.DownloadVahanReportTest" name="POCDP"
              time="45.571"/>
    <testcase classname="vahanReportView.msil.tests.Com.Ttn.WebAutomation.DownloadVahanReportTest" name="POCDP"
              time="44.912"/>
    <testcase classname="vahanReportView.msil.tests.Com.Ttn.WebAutomation.DownloadVahanReportTest" name="POCDP"
              time="45.35"/>
    <testcase classname="vahanReportView.msil.tests.Com.Ttn.WebAutomation.DownloadVahanReportTest" name="POCDP"
              time="56.354"/>
    <testcase classname="vahanReportView.msil.tests.Com.Ttn.WebAutomation.DownloadVahanReportTest" name="POCDP"
              time="45.693"/>
    <testcase classname="vahanReportView.msil.tests.Com.Ttn.WebAutomation.DownloadVahanReportTest" name="POCDP"
              time="45.62"/>
    <testcase classname="vahanReportView.msil.tests.Com.Ttn.WebAutomation.DownloadVahanReportTest" name="POCDP"
              time="45.184"/>
    <testcase classname="vahanReportView.msil.tests.Com.Ttn.WebAutomation.DownloadVahanReportTest" name="POCDP"
              time="45.592"/>
    <testcase classname="vahanReportView.msil.tests.Com.Ttn.WebAutomation.DownloadVahanReportTest" name="POCDP"
              time="45.281"/>
    <testcase classname="vahanReportView.msil.tests.Com.Ttn.WebAutomation.DownloadVahanReportTest" name="POCDP"
              time="45.379"/>
    <testcase classname="vahanReportView.msil.tests.Com.Ttn.WebAutomation.DownloadVahanReportTest" name="POCDP"
              time="45.343"/>
    <testcase classname="vahanReportView.msil.tests.Com.Ttn.WebAutomation.DownloadVahanReportTest" name="POCDP"
              time="45.943"/>
    <testcase classname="vahanReportView.msil.tests.Com.Ttn.WebAutomation.DownloadVahanReportTest" name="POCDP"
              time="45.545"/>
    <testcase classname="vahanReportView.msil.tests.Com.Ttn.WebAutomation.DownloadVahanReportTest" name="POCDP"
              time="47.853"/>
    <testcase classname="vahanReportView.msil.tests.Com.Ttn.WebAutomation.DownloadVahanReportTest" name="POCDP"
              time="48.166"/>
    <testcase classname="vahanReportView.msil.tests.Com.Ttn.WebAutomation.DownloadVahanReportTest" name="POCDP"
              time="45.284"/>
    <testcase classname="vahanReportView.msil.tests.Com.Ttn.WebAutomation.DownloadVahanReportTest" name="POCDP"
              time="45.183"/>
    <testcase classname="vahanReportView.msil.tests.Com.Ttn.WebAutomation.DownloadVahanReportTest" name="POCDP"
              time="45.303"/>
    <testcase classname="vahanReportView.msil.tests.Com.Ttn.WebAutomation.DownloadVahanReportTest" name="POCDP"
              time="45.483"/>
    <testcase classname="vahanReportView.msil.tests.Com.Ttn.WebAutomation.DownloadVahanReportTest" name="POCDP"
              time="45.389"/>
    <testcase classname="vahanReportView.msil.tests.Com.Ttn.WebAutomation.DownloadVahanReportTest" name="POCDP"
              time="46.669"/>
    <testcase classname="vahanReportView.msil.tests.Com.Ttn.WebAutomation.DownloadVahanReportTest" name="POCDP"
              time="45.474"/>
    <testcase classname="vahanReportView.msil.tests.Com.Ttn.WebAutomation.DownloadVahanReportTest" name="POCDP"
              time="45.392"/>
    <testcase classname="vahanReportView.msil.tests.Com.Ttn.WebAutomation.DownloadVahanReportTest" name="POCDP"
              time="46.001"/>
    <testcase classname="vahanReportView.msil.tests.Com.Ttn.WebAutomation.DownloadVahanReportTest" name="POCDP"
              time="45.796"/>
    <testcase classname="vahanReportView.msil.tests.Com.Ttn.WebAutomation.DownloadVahanReportTest" name="POCDP"
              time="45.612"/>
    <testcase classname="vahanReportView.msil.tests.Com.Ttn.WebAutomation.DownloadVahanReportTest" name="POCDP"
              time="45.791"/>
    <testcase classname="vahanReportView.msil.tests.Com.Ttn.WebAutomation.DownloadVahanReportTest" name="POCDP"
              time="46.291"/>
    <testcase classname="vahanReportView.msil.tests.Com.Ttn.WebAutomation.DownloadVahanReportTest" name="POCDP"
              time="46.883"/>
    <testcase classname="vahanReportView.msil.tests.Com.Ttn.WebAutomation.DownloadVahanReportTest" name="POCDP"
              time="45.492"/>
    <testcase classname="vahanReportView.msil.tests.Com.Ttn.WebAutomation.DownloadVahanReportTest" name="POCDP"
              time="45.055"/>
    <testcase classname="vahanReportView.msil.tests.Com.Ttn.WebAutomation.DownloadVahanReportTest" name="POCDP"
              time="44.916"/>
    <testcase classname="vahanReportView.msil.tests.Com.Ttn.WebAutomation.DownloadVahanReportTest" name="POCDP"
              time="45.111"/>
    <testcase classname="vahanReportView.msil.tests.Com.Ttn.WebAutomation.DownloadVahanReportTest" name="POCDP"
              time="55.017"/>
    <testcase classname="vahanReportView.msil.tests.Com.Ttn.WebAutomation.DownloadVahanReportTest" name="POCDP"
              time="44.738"/>
    <testcase classname="vahanReportView.msil.tests.Com.Ttn.WebAutomation.DownloadVahanReportTest" name="POCDP"
              time="148.489">
        <failure type="java.lang.AssertionError"
                 message="Error while waiting for the element &amp;quot;monthDropdown&amp;quot; to become visible.">
            <![CDATA[java.lang.AssertionError: Error while waiting for the element "monthDropdown" to become visible.
at com.ttn.WebAutomation.seleniumUtils.SeleniumHelper.explicitWaitForElementGetVisible(SeleniumHelper.java:1290)
at com.ttn.WebAutomation.pageObjects.vahanDashboard.RtoVahaanReports.applyVahanFilters(RTO_VahanReports.java:182)
at com.ttn.WebAutomation.pageObjects.vahanDashboard.RtoVahaanReports.VerifyVahanReportDownload(RTO_VahanReports.java:110)
at vahanReportView.msil.tests.Com.Ttn.WebAutomation.DownloadVahanReportTest.POCDP(DownloadVahanReportTest.java:36)
at java.base/java.util.concurrent.ThreadPoolExecutor.runWorker(ThreadPoolExecutor.java:1136)
at java.base/java.util.concurrent.ThreadPoolExecutor$Worker.run(ThreadPoolExecutor.java:635)
at java.base/java.lang.Thread.run(Thread.java:840)
... Removed 12 stack frames]]>
        </failure>
    </testcase> <!-- POCDP -->
    <testcase classname="vahanReportView.msil.tests.Com.Ttn.WebAutomation.DownloadVahanReportTest" name="POCDP"
              time="44.95"/>
    <testcase classname="vahanReportView.msil.tests.Com.Ttn.WebAutomation.DownloadVahanReportTest" name="POCDP"
              time="47.154"/>
    <testcase classname="vahanReportView.msil.tests.Com.Ttn.WebAutomation.DownloadVahanReportTest" name="POCDP"
              time="45.667"/>
    <testcase classname="vahanReportView.msil.tests.Com.Ttn.WebAutomation.DownloadVahanReportTest" name="POCDP"
              time="46.45"/>
    <testcase classname="vahanReportView.msil.tests.Com.Ttn.WebAutomation.DownloadVahanReportTest" name="POCDP"
              time="45.951"/>
    <testcase classname="vahanReportView.msil.tests.Com.Ttn.WebAutomation.DownloadVahanReportTest" name="POCDP"
              time="46.134"/>
    <testcase classname="vahanReportView.msil.tests.Com.Ttn.WebAutomation.DownloadVahanReportTest" name="POCDP"
              time="45.902"/>
    <testcase classname="vahanReportView.msil.tests.Com.Ttn.WebAutomation.DownloadVahanReportTest" name="POCDP"
              time="46.97"/>
    <testcase classname="vahanReportView.msil.tests.Com.Ttn.WebAutomation.DownloadVahanReportTest" name="POCDP"
              time="47.058"/>
    <testcase classname="vahanReportView.msil.tests.Com.Ttn.WebAutomation.DownloadVahanReportTest" name="POCDP"
              time="45.381"/>
    <testcase classname="vahanReportView.msil.tests.Com.Ttn.WebAutomation.DownloadVahanReportTest" name="POCDP"
              time="45.4"/>
    <testcase classname="vahanReportView.msil.tests.Com.Ttn.WebAutomation.DownloadVahanReportTest" name="POCDP"
              time="45.441"/>
    <testcase classname="vahanReportView.msil.tests.Com.Ttn.WebAutomation.DownloadVahanReportTest" name="POCDP"
              time="45.909"/>
    <testcase classname="vahanReportView.msil.tests.Com.Ttn.WebAutomation.DownloadVahanReportTest" name="POCDP"
              time="47.68"/>
    <testcase classname="vahanReportView.msil.tests.Com.Ttn.WebAutomation.DownloadVahanReportTest" name="POCDP"
              time="46.034"/>
    <testcase classname="vahanReportView.msil.tests.Com.Ttn.WebAutomation.DownloadVahanReportTest" name="POCDP"
              time="46.381"/>
    <testcase classname="vahanReportView.msil.tests.Com.Ttn.WebAutomation.DownloadVahanReportTest" name="POCDP"
              time="46.351"/>
    <testcase classname="vahanReportView.msil.tests.Com.Ttn.WebAutomation.DownloadVahanReportTest" name="POCDP"
              time="45.669"/>
    <testcase classname="vahanReportView.msil.tests.Com.Ttn.WebAutomation.DownloadVahanReportTest" name="POCDP"
              time="45.778"/>
    <testcase classname="vahanReportView.msil.tests.Com.Ttn.WebAutomation.DownloadVahanReportTest" name="POCDP"
              time="46.433"/>
    <testcase classname="vahanReportView.msil.tests.Com.Ttn.WebAutomation.DownloadVahanReportTest" name="POCDP"
              time="46.433"/>
    <testcase classname="vahanReportView.msil.tests.Com.Ttn.WebAutomation.DownloadVahanReportTest" name="POCDP"
              time="45.515"/>
    <testcase classname="vahanReportView.msil.tests.Com.Ttn.WebAutomation.DownloadVahanReportTest" name="POCDP"
              time="45.455"/>
    <testcase classname="vahanReportView.msil.tests.Com.Ttn.WebAutomation.DownloadVahanReportTest" name="POCDP"
              time="45.969"/>
    <testcase classname="vahanReportView.msil.tests.Com.Ttn.WebAutomation.DownloadVahanReportTest" name="POCDP"
              time="48.389"/>
    <testcase classname="vahanReportView.msil.tests.Com.Ttn.WebAutomation.DownloadVahanReportTest" name="POCDP"
              time="45.665"/>
    <testcase classname="vahanReportView.msil.tests.Com.Ttn.WebAutomation.DownloadVahanReportTest" name="POCDP"
              time="46.665"/>
    <testcase classname="vahanReportView.msil.tests.Com.Ttn.WebAutomation.DownloadVahanReportTest" name="POCDP"
              time="46.283"/>
    <testcase classname="vahanReportView.msil.tests.Com.Ttn.WebAutomation.DownloadVahanReportTest" name="POCDP"
              time="45.838"/>
    <testcase classname="vahanReportView.msil.tests.Com.Ttn.WebAutomation.DownloadVahanReportTest" name="POCDP"
              time="45.684"/>
    <testcase classname="vahanReportView.msil.tests.Com.Ttn.WebAutomation.DownloadVahanReportTest" name="POCDP"
              time="45.672"/>
    <testcase classname="vahanReportView.msil.tests.Com.Ttn.WebAutomation.DownloadVahanReportTest" name="POCDP"
              time="47.373"/>
    <testcase classname="vahanReportView.msil.tests.Com.Ttn.WebAutomation.DownloadVahanReportTest" name="POCDP"
              time="47.81"/>
    <testcase classname="vahanReportView.msil.tests.Com.Ttn.WebAutomation.DownloadVahanReportTest" name="POCDP"
              time="47.529"/>
    <testcase classname="vahanReportView.msil.tests.Com.Ttn.WebAutomation.DownloadVahanReportTest" name="POCDP"
              time="45.787"/>
    <testcase classname="vahanReportView.msil.tests.Com.Ttn.WebAutomation.DownloadVahanReportTest" name="POCDP"
              time="46.042"/>
    <testcase classname="vahanReportView.msil.tests.Com.Ttn.WebAutomation.DownloadVahanReportTest" name="POCDP"
              time="46.223"/>
    <testcase classname="vahanReportView.msil.tests.Com.Ttn.WebAutomation.DownloadVahanReportTest" name="POCDP"
              time="45.97"/>
    <testcase classname="vahanReportView.msil.tests.Com.Ttn.WebAutomation.DownloadVahanReportTest" name="POCDP"
              time="45.394"/>
    <testcase classname="vahanReportView.msil.tests.Com.Ttn.WebAutomation.DownloadVahanReportTest" name="POCDP"
              time="45.784"/>
    <testcase classname="vahanReportView.msil.tests.Com.Ttn.WebAutomation.DownloadVahanReportTest" name="POCDP"
              time="46.475"/>
    <testcase classname="vahanReportView.msil.tests.Com.Ttn.WebAutomation.DownloadVahanReportTest" name="POCDP"
              time="46.145"/>
    <testcase classname="vahanReportView.msil.tests.Com.Ttn.WebAutomation.DownloadVahanReportTest" name="POCDP"
              time="45.925"/>
    <testcase classname="vahanReportView.msil.tests.Com.Ttn.WebAutomation.DownloadVahanReportTest" name="POCDP"
              time="46.257"/>
    <testcase classname="vahanReportView.msil.tests.Com.Ttn.WebAutomation.DownloadVahanReportTest" name="POCDP"
              time="45.862"/>
    <testcase classname="vahanReportView.msil.tests.Com.Ttn.WebAutomation.DownloadVahanReportTest" name="POCDP"
              time="46.096"/>
    <testcase classname="vahanReportView.msil.tests.Com.Ttn.WebAutomation.DownloadVahanReportTest" name="POCDP"
              time="47.196"/>
    <testcase classname="vahanReportView.msil.tests.Com.Ttn.WebAutomation.DownloadVahanReportTest" name="POCDP"
              time="45.968"/>
    <testcase classname="vahanReportView.msil.tests.Com.Ttn.WebAutomation.DownloadVahanReportTest" name="POCDP"
              time="45.738"/>
    <testcase classname="vahanReportView.msil.tests.Com.Ttn.WebAutomation.DownloadVahanReportTest" name="POCDP"
              time="45.694"/>
    <testcase classname="vahanReportView.msil.tests.Com.Ttn.WebAutomation.DownloadVahanReportTest" name="POCDP"
              time="49.481"/>
    <testcase classname="vahanReportView.msil.tests.Com.Ttn.WebAutomation.DownloadVahanReportTest" name="POCDP"
              time="46.267"/>
    <testcase classname="vahanReportView.msil.tests.Com.Ttn.WebAutomation.DownloadVahanReportTest" name="POCDP"
              time="45.527"/>
    <testcase classname="vahanReportView.msil.tests.Com.Ttn.WebAutomation.DownloadVahanReportTest" name="POCDP"
              time="44.946"/>
    <testcase classname="vahanReportView.msil.tests.Com.Ttn.WebAutomation.DownloadVahanReportTest" name="POCDP"
              time="45.286"/>
</testsuite> <!-- Test Chrome -->
