<?xml version="1.0" encoding="UTF-8"?>
<!-- Generated by org.testng.reporters.JUnitXMLReporter -->
<testsuite ignored="2" hostname="ttnpl-5559" failures="0" tests="1" name="Test Safari" time="296.298" errors="0"
           timestamp="2025-01-29T10:59:50 IST">
    <testcase classname="com.ttn.WebAutomation.tests.msil.carDetailsIgnisTest.DiscoverTheIgnisVariantsTest"
              name="userJourneyForVerificationOfIgnisVaraintsWhenSelectedFromPowertrainsForManualTransmission"
              time="283.312"/>
    <testcase classname="com.ttn.WebAutomation.tests.msil.carDetailsIgnisTest.DiscoverTheIgnisVariantsTest"
              name="userJourneyForVerificationOfIgnisVaraintsWhenSelectedFromPowertrainsForAutomaticTransmission"
              time="0.0">
        <ignored/>
    </testcase> <!-- userJourneyForVerificationOfIgnisVaraintsWhenSelectedFromPowertrainsForAutomaticTransmission -->
    <testcase classname="com.ttn.WebAutomation.tests.msil.carDetailsIgnisTest.DiscoverTheIgnisVariantsTest"
              name="userJourneyForVerificationOfDiscoverTheIgnisVariants" time="0.0">
        <ignored/>
    </testcase> <!-- userJourneyForVerificationOfDiscoverTheIgnisVariants -->
</testsuite> <!-- Test Safari -->
