<?xml version="1.0" encoding="UTF-8"?>
<testng-results ignored="0" total="148" passed="146" failed="2" skipped="0">
    <reporter-output>
        <line>
            <![CDATA[Chrome Launched in Windows 10]]>
        </line>
        <line>
            <![CDATA[Chrome Launched in Windows 10]]>
        </line>
        <line>
            <![CDATA[Chrome Launched in Windows 10]]>
        </line>
        <line>
            <![CDATA[Chrome Launched in Windows 10]]>
        </line>
        <line>
            <![CDATA[(Test Chrome) Navigating to URL in CHROME : https://vahan.parivahan.gov.in/vahan4dashboard/vahan/vahan/view/reportview.xhtml]]>
        </line>
        <line>
            <![CDATA[(Test Chrome) Navigating to URL in CHROME : https://vahan.parivahan.gov.in/vahan4dashboard/vahan/vahan/view/reportview.xhtml]]>
        </line>
        <line>
            <![CDATA[(Test Chrome) Navigating to URL in CHROME : https://vahan.parivahan.gov.in/vahan4dashboard/vahan/vahan/view/reportview.xhtml]]>
        </line>
        <line>
            <![CDATA[(Test Chrome) Navigating to URL in CHROME : https://vahan.parivahan.gov.in/vahan4dashboard/vahan/vahan/view/reportview.xhtml]]>
        </line>
        <line>
            <![CDATA[Chrome Launched in Windows 10]]>
        </line>
        <line>
            <![CDATA[Chrome Launched in Windows 10]]>
        </line>
        <line>
            <![CDATA[(Test Chrome) Navigating to URL in CHROME : https://vahan.parivahan.gov.in/vahan4dashboard/vahan/vahan/view/reportview.xhtml]]>
        </line>
        <line>
            <![CDATA[Chrome Launched in Windows 10]]>
        </line>
        <line>
            <![CDATA[Chrome Launched in Windows 10]]>
        </line>
        <line>
            <![CDATA[(Test Chrome) Navigating to URL in CHROME : https://vahan.parivahan.gov.in/vahan4dashboard/vahan/vahan/view/reportview.xhtml]]>
        </line>
        <line>
            <![CDATA[(Test Chrome) Navigating to URL in CHROME : https://vahan.parivahan.gov.in/vahan4dashboard/vahan/vahan/view/reportview.xhtml]]>
        </line>
        <line>
            <![CDATA[(Test Chrome) Navigating to URL in CHROME : https://vahan.parivahan.gov.in/vahan4dashboard/vahan/vahan/view/reportview.xhtml]]>
        </line>
        <line>
            <![CDATA[Chrome Launched in Windows 10]]>
        </line>
        <line>
            <![CDATA[Chrome Launched in Windows 10]]>
        </line>
        <line>
            <![CDATA[Chrome Launched in Windows 10]]>
        </line>
        <line>
            <![CDATA[Chrome Launched in Windows 10]]>
        </line>
        <line>
            <![CDATA[(Test Chrome) Navigating to URL in CHROME : https://vahan.parivahan.gov.in/vahan4dashboard/vahan/vahan/view/reportview.xhtml]]>
        </line>
        <line>
            <![CDATA[(Test Chrome) Navigating to URL in CHROME : https://vahan.parivahan.gov.in/vahan4dashboard/vahan/vahan/view/reportview.xhtml]]>
        </line>
        <line>
            <![CDATA[(Test Chrome) Navigating to URL in CHROME : https://vahan.parivahan.gov.in/vahan4dashboard/vahan/vahan/view/reportview.xhtml]]>
        </line>
        <line>
            <![CDATA[(Test Chrome) Navigating to URL in CHROME : https://vahan.parivahan.gov.in/vahan4dashboard/vahan/vahan/view/reportview.xhtml]]>
        </line>
        <line>
            <![CDATA[Chrome Launched in Windows 10]]>
        </line>
        <line>
            <![CDATA[Chrome Launched in Windows 10]]>
        </line>
        <line>
            <![CDATA[(Test Chrome) Navigating to URL in CHROME : https://vahan.parivahan.gov.in/vahan4dashboard/vahan/vahan/view/reportview.xhtml]]>
        </line>
        <line>
            <![CDATA[Chrome Launched in Windows 10]]>
        </line>
        <line>
            <![CDATA[(Test Chrome) Navigating to URL in CHROME : https://vahan.parivahan.gov.in/vahan4dashboard/vahan/vahan/view/reportview.xhtml]]>
        </line>
        <line>
            <![CDATA[(Test Chrome) Navigating to URL in CHROME : https://vahan.parivahan.gov.in/vahan4dashboard/vahan/vahan/view/reportview.xhtml]]>
        </line>
        <line>
            <![CDATA[Chrome Launched in Windows 10]]>
        </line>
        <line>
            <![CDATA[(Test Chrome) Navigating to URL in CHROME : https://vahan.parivahan.gov.in/vahan4dashboard/vahan/vahan/view/reportview.xhtml]]>
        </line>
        <line>
            <![CDATA[Chrome Launched in Windows 10]]>
        </line>
        <line>
            <![CDATA[Chrome Launched in Windows 10]]>
        </line>
        <line>
            <![CDATA[(Test Chrome) Navigating to URL in CHROME : https://vahan.parivahan.gov.in/vahan4dashboard/vahan/vahan/view/reportview.xhtml]]>
        </line>
        <line>
            <![CDATA[(Test Chrome) Navigating to URL in CHROME : https://vahan.parivahan.gov.in/vahan4dashboard/vahan/vahan/view/reportview.xhtml]]>
        </line>
        <line>
            <![CDATA[Chrome Launched in Windows 10]]>
        </line>
        <line>
            <![CDATA[(Test Chrome) Navigating to URL in CHROME : https://vahan.parivahan.gov.in/vahan4dashboard/vahan/vahan/view/reportview.xhtml]]>
        </line>
        <line>
            <![CDATA[Chrome Launched in Windows 10]]>
        </line>
        <line>
            <![CDATA[(Test Chrome) Navigating to URL in CHROME : https://vahan.parivahan.gov.in/vahan4dashboard/vahan/vahan/view/reportview.xhtml]]>
        </line>
        <line>
            <![CDATA[Chrome Launched in Windows 10]]>
        </line>
        <line>
            <![CDATA[Chrome Launched in Windows 10]]>
        </line>
        <line>
            <![CDATA[(Test Chrome) Navigating to URL in CHROME : https://vahan.parivahan.gov.in/vahan4dashboard/vahan/vahan/view/reportview.xhtml]]>
        </line>
        <line>
            <![CDATA[(Test Chrome) Navigating to URL in CHROME : https://vahan.parivahan.gov.in/vahan4dashboard/vahan/vahan/view/reportview.xhtml]]>
        </line>
        <line>
            <![CDATA[Chrome Launched in Windows 10]]>
        </line>
        <line>
            <![CDATA[Chrome Launched in Windows 10]]>
        </line>
        <line>
            <![CDATA[(Test Chrome) Navigating to URL in CHROME : https://vahan.parivahan.gov.in/vahan4dashboard/vahan/vahan/view/reportview.xhtml]]>
        </line>
        <line>
            <![CDATA[(Test Chrome) Navigating to URL in CHROME : https://vahan.parivahan.gov.in/vahan4dashboard/vahan/vahan/view/reportview.xhtml]]>
        </line>
        <line>
            <![CDATA[Chrome Launched in Windows 10]]>
        </line>
        <line>
            <![CDATA[Chrome Launched in Windows 10]]>
        </line>
        <line>
            <![CDATA[(Test Chrome) Navigating to URL in CHROME : https://vahan.parivahan.gov.in/vahan4dashboard/vahan/vahan/view/reportview.xhtml]]>
        </line>
        <line>
            <![CDATA[Chrome Launched in Windows 10]]>
        </line>
        <line>
            <![CDATA[(Test Chrome) Navigating to URL in CHROME : https://vahan.parivahan.gov.in/vahan4dashboard/vahan/vahan/view/reportview.xhtml]]>
        </line>
        <line>
            <![CDATA[Chrome Launched in Windows 10]]>
        </line>
        <line>
            <![CDATA[(Test Chrome) Navigating to URL in CHROME : https://vahan.parivahan.gov.in/vahan4dashboard/vahan/vahan/view/reportview.xhtml]]>
        </line>
        <line>
            <![CDATA[(Test Chrome) Navigating to URL in CHROME : https://vahan.parivahan.gov.in/vahan4dashboard/vahan/vahan/view/reportview.xhtml]]>
        </line>
        <line>
            <![CDATA[Chrome Launched in Windows 10]]>
        </line>
        <line>
            <![CDATA[(Test Chrome) Navigating to URL in CHROME : https://vahan.parivahan.gov.in/vahan4dashboard/vahan/vahan/view/reportview.xhtml]]>
        </line>
        <line>
            <![CDATA[Chrome Launched in Windows 10]]>
        </line>
        <line>
            <![CDATA[(Test Chrome) Navigating to URL in CHROME : https://vahan.parivahan.gov.in/vahan4dashboard/vahan/vahan/view/reportview.xhtml]]>
        </line>
        <line>
            <![CDATA[Chrome Launched in Windows 10]]>
        </line>
        <line>
            <![CDATA[(Test Chrome) Navigating to URL in CHROME : https://vahan.parivahan.gov.in/vahan4dashboard/vahan/vahan/view/reportview.xhtml]]>
        </line>
        <line>
            <![CDATA[Chrome Launched in Windows 10]]>
        </line>
        <line>
            <![CDATA[(Test Chrome) Navigating to URL in CHROME : https://vahan.parivahan.gov.in/vahan4dashboard/vahan/vahan/view/reportview.xhtml]]>
        </line>
        <line>
            <![CDATA[Chrome Launched in Windows 10]]>
        </line>
        <line>
            <![CDATA[(Test Chrome) Navigating to URL in CHROME : https://vahan.parivahan.gov.in/vahan4dashboard/vahan/vahan/view/reportview.xhtml]]>
        </line>
        <line>
            <![CDATA[Chrome Launched in Windows 10]]>
        </line>
        <line>
            <![CDATA[(Test Chrome) Navigating to URL in CHROME : https://vahan.parivahan.gov.in/vahan4dashboard/vahan/vahan/view/reportview.xhtml]]>
        </line>
        <line>
            <![CDATA[Chrome Launched in Windows 10]]>
        </line>
        <line>
            <![CDATA[(Test Chrome) Navigating to URL in CHROME : https://vahan.parivahan.gov.in/vahan4dashboard/vahan/vahan/view/reportview.xhtml]]>
        </line>
        <line>
            <![CDATA[Chrome Launched in Windows 10]]>
        </line>
        <line>
            <![CDATA[(Test Chrome) Navigating to URL in CHROME : https://vahan.parivahan.gov.in/vahan4dashboard/vahan/vahan/view/reportview.xhtml]]>
        </line>
        <line>
            <![CDATA[Chrome Launched in Windows 10]]>
        </line>
        <line>
            <![CDATA[Chrome Launched in Windows 10]]>
        </line>
        <line>
            <![CDATA[(Test Chrome) Navigating to URL in CHROME : https://vahan.parivahan.gov.in/vahan4dashboard/vahan/vahan/view/reportview.xhtml]]>
        </line>
        <line>
            <![CDATA[(Test Chrome) Navigating to URL in CHROME : https://vahan.parivahan.gov.in/vahan4dashboard/vahan/vahan/view/reportview.xhtml]]>
        </line>
        <line>
            <![CDATA[Chrome Launched in Windows 10]]>
        </line>
        <line>
            <![CDATA[(Test Chrome) Navigating to URL in CHROME : https://vahan.parivahan.gov.in/vahan4dashboard/vahan/vahan/view/reportview.xhtml]]>
        </line>
        <line>
            <![CDATA[Chrome Launched in Windows 10]]>
        </line>
        <line>
            <![CDATA[(Test Chrome) Navigating to URL in CHROME : https://vahan.parivahan.gov.in/vahan4dashboard/vahan/vahan/view/reportview.xhtml]]>
        </line>
        <line>
            <![CDATA[Chrome Launched in Windows 10]]>
        </line>
        <line>
            <![CDATA[Chrome Launched in Windows 10]]>
        </line>
        <line>
            <![CDATA[(Test Chrome) Navigating to URL in CHROME : https://vahan.parivahan.gov.in/vahan4dashboard/vahan/vahan/view/reportview.xhtml]]>
        </line>
        <line>
            <![CDATA[(Test Chrome) Navigating to URL in CHROME : https://vahan.parivahan.gov.in/vahan4dashboard/vahan/vahan/view/reportview.xhtml]]>
        </line>
        <line>
            <![CDATA[Chrome Launched in Windows 10]]>
        </line>
        <line>
            <![CDATA[(Test Chrome) Navigating to URL in CHROME : https://vahan.parivahan.gov.in/vahan4dashboard/vahan/vahan/view/reportview.xhtml]]>
        </line>
        <line>
            <![CDATA[Chrome Launched in Windows 10]]>
        </line>
        <line>
            <![CDATA[(Test Chrome) Navigating to URL in CHROME : https://vahan.parivahan.gov.in/vahan4dashboard/vahan/vahan/view/reportview.xhtml]]>
        </line>
        <line>
            <![CDATA[Chrome Launched in Windows 10]]>
        </line>
        <line>
            <![CDATA[Chrome Launched in Windows 10]]>
        </line>
        <line>
            <![CDATA[(Test Chrome) Navigating to URL in CHROME : https://vahan.parivahan.gov.in/vahan4dashboard/vahan/vahan/view/reportview.xhtml]]>
        </line>
        <line>
            <![CDATA[(Test Chrome) Navigating to URL in CHROME : https://vahan.parivahan.gov.in/vahan4dashboard/vahan/vahan/view/reportview.xhtml]]>
        </line>
        <line>
            <![CDATA[Chrome Launched in Windows 10]]>
        </line>
        <line>
            <![CDATA[(POCDP)Taking screenshot of failed test (Test Chrome)at location - D:\GitRepo\MSIL_Live_Sales_Dashboard/Screenshots_FailedTests/25_02_18_07_13_30_POCDP_Test Chrome_.png]]>
        </line>
        <line>
            <![CDATA[(Test Chrome) Navigating to URL in CHROME : https://vahan.parivahan.gov.in/vahan4dashboard/vahan/vahan/view/reportview.xhtml]]>
        </line>
        <line>
            <![CDATA[Chrome Launched in Windows 10]]>
        </line>
        <line>
            <![CDATA[(Test Chrome) Navigating to URL in CHROME : https://vahan.parivahan.gov.in/vahan4dashboard/vahan/vahan/view/reportview.xhtml]]>
        </line>
        <line>
            <![CDATA[Chrome Launched in Windows 10]]>
        </line>
        <line>
            <![CDATA[Chrome Launched in Windows 10]]>
        </line>
        <line>
            <![CDATA[(Test Chrome) Navigating to URL in CHROME : https://vahan.parivahan.gov.in/vahan4dashboard/vahan/vahan/view/reportview.xhtml]]>
        </line>
        <line>
            <![CDATA[(Test Chrome) Navigating to URL in CHROME : https://vahan.parivahan.gov.in/vahan4dashboard/vahan/vahan/view/reportview.xhtml]]>
        </line>
        <line>
            <![CDATA[Chrome Launched in Windows 10]]>
        </line>
        <line>
            <![CDATA[Chrome Launched in Windows 10]]>
        </line>
        <line>
            <![CDATA[(Test Chrome) Navigating to URL in CHROME : https://vahan.parivahan.gov.in/vahan4dashboard/vahan/vahan/view/reportview.xhtml]]>
        </line>
        <line>
            <![CDATA[(Test Chrome) Navigating to URL in CHROME : https://vahan.parivahan.gov.in/vahan4dashboard/vahan/vahan/view/reportview.xhtml]]>
        </line>
        <line>
            <![CDATA[Chrome Launched in Windows 10]]>
        </line>
        <line>
            <![CDATA[Chrome Launched in Windows 10]]>
        </line>
        <line>
            <![CDATA[(Test Chrome) Navigating to URL in CHROME : https://vahan.parivahan.gov.in/vahan4dashboard/vahan/vahan/view/reportview.xhtml]]>
        </line>
        <line>
            <![CDATA[(Test Chrome) Navigating to URL in CHROME : https://vahan.parivahan.gov.in/vahan4dashboard/vahan/vahan/view/reportview.xhtml]]>
        </line>
        <line>
            <![CDATA[Chrome Launched in Windows 10]]>
        </line>
        <line>
            <![CDATA[Chrome Launched in Windows 10]]>
        </line>
        <line>
            <![CDATA[(Test Chrome) Navigating to URL in CHROME : https://vahan.parivahan.gov.in/vahan4dashboard/vahan/vahan/view/reportview.xhtml]]>
        </line>
        <line>
            <![CDATA[(Test Chrome) Navigating to URL in CHROME : https://vahan.parivahan.gov.in/vahan4dashboard/vahan/vahan/view/reportview.xhtml]]>
        </line>
        <line>
            <![CDATA[Chrome Launched in Windows 10]]>
        </line>
        <line>
            <![CDATA[Chrome Launched in Windows 10]]>
        </line>
        <line>
            <![CDATA[(Test Chrome) Navigating to URL in CHROME : https://vahan.parivahan.gov.in/vahan4dashboard/vahan/vahan/view/reportview.xhtml]]>
        </line>
        <line>
            <![CDATA[(Test Chrome) Navigating to URL in CHROME : https://vahan.parivahan.gov.in/vahan4dashboard/vahan/vahan/view/reportview.xhtml]]>
        </line>
        <line>
            <![CDATA[Chrome Launched in Windows 10]]>
        </line>
        <line>
            <![CDATA[Chrome Launched in Windows 10]]>
        </line>
        <line>
            <![CDATA[(Test Chrome) Navigating to URL in CHROME : https://vahan.parivahan.gov.in/vahan4dashboard/vahan/vahan/view/reportview.xhtml]]>
        </line>
        <line>
            <![CDATA[(Test Chrome) Navigating to URL in CHROME : https://vahan.parivahan.gov.in/vahan4dashboard/vahan/vahan/view/reportview.xhtml]]>
        </line>
        <line>
            <![CDATA[Chrome Launched in Windows 10]]>
        </line>
        <line>
            <![CDATA[(Test Chrome) Navigating to URL in CHROME : https://vahan.parivahan.gov.in/vahan4dashboard/vahan/vahan/view/reportview.xhtml]]>
        </line>
        <line>
            <![CDATA[Chrome Launched in Windows 10]]>
        </line>
        <line>
            <![CDATA[(Test Chrome) Navigating to URL in CHROME : https://vahan.parivahan.gov.in/vahan4dashboard/vahan/vahan/view/reportview.xhtml]]>
        </line>
        <line>
            <![CDATA[Chrome Launched in Windows 10]]>
        </line>
        <line>
            <![CDATA[Chrome Launched in Windows 10]]>
        </line>
        <line>
            <![CDATA[(Test Chrome) Navigating to URL in CHROME : https://vahan.parivahan.gov.in/vahan4dashboard/vahan/vahan/view/reportview.xhtml]]>
        </line>
        <line>
            <![CDATA[(Test Chrome) Navigating to URL in CHROME : https://vahan.parivahan.gov.in/vahan4dashboard/vahan/vahan/view/reportview.xhtml]]>
        </line>
        <line>
            <![CDATA[Chrome Launched in Windows 10]]>
        </line>
        <line>
            <![CDATA[Chrome Launched in Windows 10]]>
        </line>
        <line>
            <![CDATA[(Test Chrome) Navigating to URL in CHROME : https://vahan.parivahan.gov.in/vahan4dashboard/vahan/vahan/view/reportview.xhtml]]>
        </line>
        <line>
            <![CDATA[(Test Chrome) Navigating to URL in CHROME : https://vahan.parivahan.gov.in/vahan4dashboard/vahan/vahan/view/reportview.xhtml]]>
        </line>
        <line>
            <![CDATA[Chrome Launched in Windows 10]]>
        </line>
        <line>
            <![CDATA[Chrome Launched in Windows 10]]>
        </line>
        <line>
            <![CDATA[(Test Chrome) Navigating to URL in CHROME : https://vahan.parivahan.gov.in/vahan4dashboard/vahan/vahan/view/reportview.xhtml]]>
        </line>
        <line>
            <![CDATA[(Test Chrome) Navigating to URL in CHROME : https://vahan.parivahan.gov.in/vahan4dashboard/vahan/vahan/view/reportview.xhtml]]>
        </line>
        <line>
            <![CDATA[Chrome Launched in Windows 10]]>
        </line>
        <line>
            <![CDATA[Chrome Launched in Windows 10]]>
        </line>
        <line>
            <![CDATA[(Test Chrome) Navigating to URL in CHROME : https://vahan.parivahan.gov.in/vahan4dashboard/vahan/vahan/view/reportview.xhtml]]>
        </line>
        <line>
            <![CDATA[(Test Chrome) Navigating to URL in CHROME : https://vahan.parivahan.gov.in/vahan4dashboard/vahan/vahan/view/reportview.xhtml]]>
        </line>
        <line>
            <![CDATA[Chrome Launched in Windows 10]]>
        </line>
        <line>
            <![CDATA[Chrome Launched in Windows 10]]>
        </line>
        <line>
            <![CDATA[(Test Chrome) Navigating to URL in CHROME : https://vahan.parivahan.gov.in/vahan4dashboard/vahan/vahan/view/reportview.xhtml]]>
        </line>
        <line>
            <![CDATA[(Test Chrome) Navigating to URL in CHROME : https://vahan.parivahan.gov.in/vahan4dashboard/vahan/vahan/view/reportview.xhtml]]>
        </line>
        <line>
            <![CDATA[Chrome Launched in Windows 10]]>
        </line>
        <line>
            <![CDATA[Chrome Launched in Windows 10]]>
        </line>
        <line>
            <![CDATA[(Test Chrome) Navigating to URL in CHROME : https://vahan.parivahan.gov.in/vahan4dashboard/vahan/vahan/view/reportview.xhtml]]>
        </line>
        <line>
            <![CDATA[(Test Chrome) Navigating to URL in CHROME : https://vahan.parivahan.gov.in/vahan4dashboard/vahan/vahan/view/reportview.xhtml]]>
        </line>
        <line>
            <![CDATA[Chrome Launched in Windows 10]]>
        </line>
        <line>
            <![CDATA[Chrome Launched in Windows 10]]>
        </line>
        <line>
            <![CDATA[(Test Chrome) Navigating to URL in CHROME : https://vahan.parivahan.gov.in/vahan4dashboard/vahan/vahan/view/reportview.xhtml]]>
        </line>
        <line>
            <![CDATA[(Test Chrome) Navigating to URL in CHROME : https://vahan.parivahan.gov.in/vahan4dashboard/vahan/vahan/view/reportview.xhtml]]>
        </line>
        <line>
            <![CDATA[Chrome Launched in Windows 10]]>
        </line>
        <line>
            <![CDATA[(Test Chrome) Navigating to URL in CHROME : https://vahan.parivahan.gov.in/vahan4dashboard/vahan/vahan/view/reportview.xhtml]]>
        </line>
        <line>
            <![CDATA[Chrome Launched in Windows 10]]>
        </line>
        <line>
            <![CDATA[(Test Chrome) Navigating to URL in CHROME : https://vahan.parivahan.gov.in/vahan4dashboard/vahan/vahan/view/reportview.xhtml]]>
        </line>
        <line>
            <![CDATA[Chrome Launched in Windows 10]]>
        </line>
        <line>
            <![CDATA[Chrome Launched in Windows 10]]>
        </line>
        <line>
            <![CDATA[(Test Chrome) Navigating to URL in CHROME : https://vahan.parivahan.gov.in/vahan4dashboard/vahan/vahan/view/reportview.xhtml]]>
        </line>
        <line>
            <![CDATA[(Test Chrome) Navigating to URL in CHROME : https://vahan.parivahan.gov.in/vahan4dashboard/vahan/vahan/view/reportview.xhtml]]>
        </line>
        <line>
            <![CDATA[Chrome Launched in Windows 10]]>
        </line>
        <line>
            <![CDATA[(Test Chrome) Navigating to URL in CHROME : https://vahan.parivahan.gov.in/vahan4dashboard/vahan/vahan/view/reportview.xhtml]]>
        </line>
        <line>
            <![CDATA[Chrome Launched in Windows 10]]>
        </line>
        <line>
            <![CDATA[(Test Chrome) Navigating to URL in CHROME : https://vahan.parivahan.gov.in/vahan4dashboard/vahan/vahan/view/reportview.xhtml]]>
        </line>
        <line>
            <![CDATA[Chrome Launched in Windows 10]]>
        </line>
        <line>
            <![CDATA[Chrome Launched in Windows 10]]>
        </line>
        <line>
            <![CDATA[(Test Chrome) Navigating to URL in CHROME : https://vahan.parivahan.gov.in/vahan4dashboard/vahan/vahan/view/reportview.xhtml]]>
        </line>
        <line>
            <![CDATA[(Test Chrome) Navigating to URL in CHROME : https://vahan.parivahan.gov.in/vahan4dashboard/vahan/vahan/view/reportview.xhtml]]>
        </line>
        <line>
            <![CDATA[Chrome Launched in Windows 10]]>
        </line>
        <line>
            <![CDATA[(Test Chrome) Navigating to URL in CHROME : https://vahan.parivahan.gov.in/vahan4dashboard/vahan/vahan/view/reportview.xhtml]]>
        </line>
        <line>
            <![CDATA[Chrome Launched in Windows 10]]>
        </line>
        <line>
            <![CDATA[(Test Chrome) Navigating to URL in CHROME : https://vahan.parivahan.gov.in/vahan4dashboard/vahan/vahan/view/reportview.xhtml]]>
        </line>
        <line>
            <![CDATA[Chrome Launched in Windows 10]]>
        </line>
        <line>
            <![CDATA[Chrome Launched in Windows 10]]>
        </line>
        <line>
            <![CDATA[(Test Chrome) Navigating to URL in CHROME : https://vahan.parivahan.gov.in/vahan4dashboard/vahan/vahan/view/reportview.xhtml]]>
        </line>
        <line>
            <![CDATA[(Test Chrome) Navigating to URL in CHROME : https://vahan.parivahan.gov.in/vahan4dashboard/vahan/vahan/view/reportview.xhtml]]>
        </line>
        <line>
            <![CDATA[Chrome Launched in Windows 10]]>
        </line>
        <line>
            <![CDATA[(Test Chrome) Navigating to URL in CHROME : https://vahan.parivahan.gov.in/vahan4dashboard/vahan/vahan/view/reportview.xhtml]]>
        </line>
        <line>
            <![CDATA[Chrome Launched in Windows 10]]>
        </line>
        <line>
            <![CDATA[(Test Chrome) Navigating to URL in CHROME : https://vahan.parivahan.gov.in/vahan4dashboard/vahan/vahan/view/reportview.xhtml]]>
        </line>
        <line>
            <![CDATA[Chrome Launched in Windows 10]]>
        </line>
        <line>
            <![CDATA[(Test Chrome) Navigating to URL in CHROME : https://vahan.parivahan.gov.in/vahan4dashboard/vahan/vahan/view/reportview.xhtml]]>
        </line>
        <line>
            <![CDATA[Chrome Launched in Windows 10]]>
        </line>
        <line>
            <![CDATA[(Test Chrome) Navigating to URL in CHROME : https://vahan.parivahan.gov.in/vahan4dashboard/vahan/vahan/view/reportview.xhtml]]>
        </line>
        <line>
            <![CDATA[Chrome Launched in Windows 10]]>
        </line>
        <line>
            <![CDATA[(Test Chrome) Navigating to URL in CHROME : https://vahan.parivahan.gov.in/vahan4dashboard/vahan/vahan/view/reportview.xhtml]]>
        </line>
        <line>
            <![CDATA[Chrome Launched in Windows 10]]>
        </line>
        <line>
            <![CDATA[(Test Chrome) Navigating to URL in CHROME : https://vahan.parivahan.gov.in/vahan4dashboard/vahan/vahan/view/reportview.xhtml]]>
        </line>
        <line>
            <![CDATA[Chrome Launched in Windows 10]]>
        </line>
        <line>
            <![CDATA[(Test Chrome) Navigating to URL in CHROME : https://vahan.parivahan.gov.in/vahan4dashboard/vahan/vahan/view/reportview.xhtml]]>
        </line>
        <line>
            <![CDATA[Chrome Launched in Windows 10]]>
        </line>
        <line>
            <![CDATA[(Test Chrome) Navigating to URL in CHROME : https://vahan.parivahan.gov.in/vahan4dashboard/vahan/vahan/view/reportview.xhtml]]>
        </line>
        <line>
            <![CDATA[(POCDP)Taking screenshot of failed test (Test Chrome)at location - D:\GitRepo\MSIL_Live_Sales_Dashboard/Screenshots_FailedTests/25_02_18_07_25_27_POCDP_Test Chrome_.png]]>
        </line>
        <line>
            <![CDATA[Chrome Launched in Windows 10]]>
        </line>
        <line>
            <![CDATA[(Test Chrome) Navigating to URL in CHROME : https://vahan.parivahan.gov.in/vahan4dashboard/vahan/vahan/view/reportview.xhtml]]>
        </line>
        <line>
            <![CDATA[Chrome Launched in Windows 10]]>
        </line>
        <line>
            <![CDATA[(Test Chrome) Navigating to URL in CHROME : https://vahan.parivahan.gov.in/vahan4dashboard/vahan/vahan/view/reportview.xhtml]]>
        </line>
        <line>
            <![CDATA[Chrome Launched in Windows 10]]>
        </line>
        <line>
            <![CDATA[Chrome Launched in Windows 10]]>
        </line>
        <line>
            <![CDATA[(Test Chrome) Navigating to URL in CHROME : https://vahan.parivahan.gov.in/vahan4dashboard/vahan/vahan/view/reportview.xhtml]]>
        </line>
        <line>
            <![CDATA[(Test Chrome) Navigating to URL in CHROME : https://vahan.parivahan.gov.in/vahan4dashboard/vahan/vahan/view/reportview.xhtml]]>
        </line>
        <line>
            <![CDATA[Chrome Launched in Windows 10]]>
        </line>
        <line>
            <![CDATA[Chrome Launched in Windows 10]]>
        </line>
        <line>
            <![CDATA[(Test Chrome) Navigating to URL in CHROME : https://vahan.parivahan.gov.in/vahan4dashboard/vahan/vahan/view/reportview.xhtml]]>
        </line>
        <line>
            <![CDATA[(Test Chrome) Navigating to URL in CHROME : https://vahan.parivahan.gov.in/vahan4dashboard/vahan/vahan/view/reportview.xhtml]]>
        </line>
        <line>
            <![CDATA[Chrome Launched in Windows 10]]>
        </line>
        <line>
            <![CDATA[Chrome Launched in Windows 10]]>
        </line>
        <line>
            <![CDATA[(Test Chrome) Navigating to URL in CHROME : https://vahan.parivahan.gov.in/vahan4dashboard/vahan/vahan/view/reportview.xhtml]]>
        </line>
        <line>
            <![CDATA[(Test Chrome) Navigating to URL in CHROME : https://vahan.parivahan.gov.in/vahan4dashboard/vahan/vahan/view/reportview.xhtml]]>
        </line>
        <line>
            <![CDATA[Chrome Launched in Windows 10]]>
        </line>
        <line>
            <![CDATA[Chrome Launched in Windows 10]]>
        </line>
        <line>
            <![CDATA[(Test Chrome) Navigating to URL in CHROME : https://vahan.parivahan.gov.in/vahan4dashboard/vahan/vahan/view/reportview.xhtml]]>
        </line>
        <line>
            <![CDATA[(Test Chrome) Navigating to URL in CHROME : https://vahan.parivahan.gov.in/vahan4dashboard/vahan/vahan/view/reportview.xhtml]]>
        </line>
        <line>
            <![CDATA[Chrome Launched in Windows 10]]>
        </line>
        <line>
            <![CDATA[Chrome Launched in Windows 10]]>
        </line>
        <line>
            <![CDATA[(Test Chrome) Navigating to URL in CHROME : https://vahan.parivahan.gov.in/vahan4dashboard/vahan/vahan/view/reportview.xhtml]]>
        </line>
        <line>
            <![CDATA[(Test Chrome) Navigating to URL in CHROME : https://vahan.parivahan.gov.in/vahan4dashboard/vahan/vahan/view/reportview.xhtml]]>
        </line>
        <line>
            <![CDATA[Chrome Launched in Windows 10]]>
        </line>
        <line>
            <![CDATA[Chrome Launched in Windows 10]]>
        </line>
        <line>
            <![CDATA[(Test Chrome) Navigating to URL in CHROME : https://vahan.parivahan.gov.in/vahan4dashboard/vahan/vahan/view/reportview.xhtml]]>
        </line>
        <line>
            <![CDATA[(Test Chrome) Navigating to URL in CHROME : https://vahan.parivahan.gov.in/vahan4dashboard/vahan/vahan/view/reportview.xhtml]]>
        </line>
        <line>
            <![CDATA[Chrome Launched in Windows 10]]>
        </line>
        <line>
            <![CDATA[Chrome Launched in Windows 10]]>
        </line>
        <line>
            <![CDATA[(Test Chrome) Navigating to URL in CHROME : https://vahan.parivahan.gov.in/vahan4dashboard/vahan/vahan/view/reportview.xhtml]]>
        </line>
        <line>
            <![CDATA[(Test Chrome) Navigating to URL in CHROME : https://vahan.parivahan.gov.in/vahan4dashboard/vahan/vahan/view/reportview.xhtml]]>
        </line>
        <line>
            <![CDATA[Chrome Launched in Windows 10]]>
        </line>
        <line>
            <![CDATA[Chrome Launched in Windows 10]]>
        </line>
        <line>
            <![CDATA[(Test Chrome) Navigating to URL in CHROME : https://vahan.parivahan.gov.in/vahan4dashboard/vahan/vahan/view/reportview.xhtml]]>
        </line>
        <line>
            <![CDATA[(Test Chrome) Navigating to URL in CHROME : https://vahan.parivahan.gov.in/vahan4dashboard/vahan/vahan/view/reportview.xhtml]]>
        </line>
        <line>
            <![CDATA[Chrome Launched in Windows 10]]>
        </line>
        <line>
            <![CDATA[Chrome Launched in Windows 10]]>
        </line>
        <line>
            <![CDATA[(Test Chrome) Navigating to URL in CHROME : https://vahan.parivahan.gov.in/vahan4dashboard/vahan/vahan/view/reportview.xhtml]]>
        </line>
        <line>
            <![CDATA[(Test Chrome) Navigating to URL in CHROME : https://vahan.parivahan.gov.in/vahan4dashboard/vahan/vahan/view/reportview.xhtml]]>
        </line>
        <line>
            <![CDATA[Chrome Launched in Windows 10]]>
        </line>
        <line>
            <![CDATA[Chrome Launched in Windows 10]]>
        </line>
        <line>
            <![CDATA[(Test Chrome) Navigating to URL in CHROME : https://vahan.parivahan.gov.in/vahan4dashboard/vahan/vahan/view/reportview.xhtml]]>
        </line>
        <line>
            <![CDATA[(Test Chrome) Navigating to URL in CHROME : https://vahan.parivahan.gov.in/vahan4dashboard/vahan/vahan/view/reportview.xhtml]]>
        </line>
        <line>
            <![CDATA[Chrome Launched in Windows 10]]>
        </line>
        <line>
            <![CDATA[Chrome Launched in Windows 10]]>
        </line>
        <line>
            <![CDATA[(Test Chrome) Navigating to URL in CHROME : https://vahan.parivahan.gov.in/vahan4dashboard/vahan/vahan/view/reportview.xhtml]]>
        </line>
        <line>
            <![CDATA[(Test Chrome) Navigating to URL in CHROME : https://vahan.parivahan.gov.in/vahan4dashboard/vahan/vahan/view/reportview.xhtml]]>
        </line>
        <line>
            <![CDATA[Chrome Launched in Windows 10]]>
        </line>
        <line>
            <![CDATA[Chrome Launched in Windows 10]]>
        </line>
        <line>
            <![CDATA[(Test Chrome) Navigating to URL in CHROME : https://vahan.parivahan.gov.in/vahan4dashboard/vahan/vahan/view/reportview.xhtml]]>
        </line>
        <line>
            <![CDATA[(Test Chrome) Navigating to URL in CHROME : https://vahan.parivahan.gov.in/vahan4dashboard/vahan/vahan/view/reportview.xhtml]]>
        </line>
        <line>
            <![CDATA[Chrome Launched in Windows 10]]>
        </line>
        <line>
            <![CDATA[Chrome Launched in Windows 10]]>
        </line>
        <line>
            <![CDATA[(Test Chrome) Navigating to URL in CHROME : https://vahan.parivahan.gov.in/vahan4dashboard/vahan/vahan/view/reportview.xhtml]]>
        </line>
        <line>
            <![CDATA[(Test Chrome) Navigating to URL in CHROME : https://vahan.parivahan.gov.in/vahan4dashboard/vahan/vahan/view/reportview.xhtml]]>
        </line>
        <line>
            <![CDATA[Chrome Launched in Windows 10]]>
        </line>
        <line>
            <![CDATA[Chrome Launched in Windows 10]]>
        </line>
        <line>
            <![CDATA[(Test Chrome) Navigating to URL in CHROME : https://vahan.parivahan.gov.in/vahan4dashboard/vahan/vahan/view/reportview.xhtml]]>
        </line>
        <line>
            <![CDATA[(Test Chrome) Navigating to URL in CHROME : https://vahan.parivahan.gov.in/vahan4dashboard/vahan/vahan/view/reportview.xhtml]]>
        </line>
        <line>
            <![CDATA[Chrome Launched in Windows 10]]>
        </line>
        <line>
            <![CDATA[(Test Chrome) Navigating to URL in CHROME : https://vahan.parivahan.gov.in/vahan4dashboard/vahan/vahan/view/reportview.xhtml]]>
        </line>
        <line>
            <![CDATA[Chrome Launched in Windows 10]]>
        </line>
        <line>
            <![CDATA[(Test Chrome) Navigating to URL in CHROME : https://vahan.parivahan.gov.in/vahan4dashboard/vahan/vahan/view/reportview.xhtml]]>
        </line>
        <line>
            <![CDATA[Chrome Launched in Windows 10]]>
        </line>
        <line>
            <![CDATA[Chrome Launched in Windows 10]]>
        </line>
        <line>
            <![CDATA[(Test Chrome) Navigating to URL in CHROME : https://vahan.parivahan.gov.in/vahan4dashboard/vahan/vahan/view/reportview.xhtml]]>
        </line>
        <line>
            <![CDATA[(Test Chrome) Navigating to URL in CHROME : https://vahan.parivahan.gov.in/vahan4dashboard/vahan/vahan/view/reportview.xhtml]]>
        </line>
        <line>
            <![CDATA[Chrome Launched in Windows 10]]>
        </line>
        <line>
            <![CDATA[(Test Chrome) Navigating to URL in CHROME : https://vahan.parivahan.gov.in/vahan4dashboard/vahan/vahan/view/reportview.xhtml]]>
        </line>
        <line>
            <![CDATA[Chrome Launched in Windows 10]]>
        </line>
        <line>
            <![CDATA[(Test Chrome) Navigating to URL in CHROME : https://vahan.parivahan.gov.in/vahan4dashboard/vahan/vahan/view/reportview.xhtml]]>
        </line>
        <line>
            <![CDATA[Chrome Launched in Windows 10]]>
        </line>
        <line>
            <![CDATA[Chrome Launched in Windows 10]]>
        </line>
        <line>
            <![CDATA[(Test Chrome) Navigating to URL in CHROME : https://vahan.parivahan.gov.in/vahan4dashboard/vahan/vahan/view/reportview.xhtml]]>
        </line>
        <line>
            <![CDATA[(Test Chrome) Navigating to URL in CHROME : https://vahan.parivahan.gov.in/vahan4dashboard/vahan/vahan/view/reportview.xhtml]]>
        </line>
        <line>
            <![CDATA[Chrome Launched in Windows 10]]>
        </line>
        <line>
            <![CDATA[Chrome Launched in Windows 10]]>
        </line>
        <line>
            <![CDATA[(Test Chrome) Navigating to URL in CHROME : https://vahan.parivahan.gov.in/vahan4dashboard/vahan/vahan/view/reportview.xhtml]]>
        </line>
        <line>
            <![CDATA[(Test Chrome) Navigating to URL in CHROME : https://vahan.parivahan.gov.in/vahan4dashboard/vahan/vahan/view/reportview.xhtml]]>
        </line>
        <line>
            <![CDATA[Chrome Launched in Windows 10]]>
        </line>
        <line>
            <![CDATA[Chrome Launched in Windows 10]]>
        </line>
        <line>
            <![CDATA[(Test Chrome) Navigating to URL in CHROME : https://vahan.parivahan.gov.in/vahan4dashboard/vahan/vahan/view/reportview.xhtml]]>
        </line>
        <line>
            <![CDATA[(Test Chrome) Navigating to URL in CHROME : https://vahan.parivahan.gov.in/vahan4dashboard/vahan/vahan/view/reportview.xhtml]]>
        </line>
        <line>
            <![CDATA[Chrome Launched in Windows 10]]>
        </line>
        <line>
            <![CDATA[Chrome Launched in Windows 10]]>
        </line>
        <line>
            <![CDATA[(Test Chrome) Navigating to URL in CHROME : https://vahan.parivahan.gov.in/vahan4dashboard/vahan/vahan/view/reportview.xhtml]]>
        </line>
        <line>
            <![CDATA[(Test Chrome) Navigating to URL in CHROME : https://vahan.parivahan.gov.in/vahan4dashboard/vahan/vahan/view/reportview.xhtml]]>
        </line>
        <line>
            <![CDATA[Chrome Launched in Windows 10]]>
        </line>
        <line>
            <![CDATA[Chrome Launched in Windows 10]]>
        </line>
        <line>
            <![CDATA[(Test Chrome) Navigating to URL in CHROME : https://vahan.parivahan.gov.in/vahan4dashboard/vahan/vahan/view/reportview.xhtml]]>
        </line>
        <line>
            <![CDATA[(Test Chrome) Navigating to URL in CHROME : https://vahan.parivahan.gov.in/vahan4dashboard/vahan/vahan/view/reportview.xhtml]]>
        </line>
        <line>
            <![CDATA[Chrome Launched in Windows 10]]>
        </line>
        <line>
            <![CDATA[(Test Chrome) Navigating to URL in CHROME : https://vahan.parivahan.gov.in/vahan4dashboard/vahan/vahan/view/reportview.xhtml]]>
        </line>
        <line>
            <![CDATA[Chrome Launched in Windows 10]]>
        </line>
        <line>
            <![CDATA[(Test Chrome) Navigating to URL in CHROME : https://vahan.parivahan.gov.in/vahan4dashboard/vahan/vahan/view/reportview.xhtml]]>
        </line>
        <line>
            <![CDATA[Chrome Launched in Windows 10]]>
        </line>
        <line>
            <![CDATA[(Test Chrome) Navigating to URL in CHROME : https://vahan.parivahan.gov.in/vahan4dashboard/vahan/vahan/view/reportview.xhtml]]>
        </line>
        <line>
            <![CDATA[Chrome Launched in Windows 10]]>
        </line>
        <line>
            <![CDATA[(Test Chrome) Navigating to URL in CHROME : https://vahan.parivahan.gov.in/vahan4dashboard/vahan/vahan/view/reportview.xhtml]]>
        </line>
        <line>
            <![CDATA[Chrome Launched in Windows 10]]>
        </line>
        <line>
            <![CDATA[Chrome Launched in Windows 10]]>
        </line>
        <line>
            <![CDATA[(Test Chrome) Navigating to URL in CHROME : https://vahan.parivahan.gov.in/vahan4dashboard/vahan/vahan/view/reportview.xhtml]]>
        </line>
        <line>
            <![CDATA[(Test Chrome) Navigating to URL in CHROME : https://vahan.parivahan.gov.in/vahan4dashboard/vahan/vahan/view/reportview.xhtml]]>
        </line>
    </reporter-output>
    <suite started-at="2025-02-18T19:02:48 IST" name="Suite" finished-at="2025-02-18T19:38:06 IST"
           duration-ms="2118581">
        <groups>
            <group name="sanity">
                <method signature="DownloadVahanReportTest.POCDP()[pri:0, instance:vahanReportView.msil.tests.Com.Ttn.WebAutomation.DownloadVahanReportTest@127d7908, instance params:[COIMBATORE (WEST) RTO - TN99( 17-JUL-2018 )]]"
                        name="POCDP" class="vahanReportView.msil.tests.Com.Ttn.WebAutomation.DownloadVahanReportTest"/>
                <method signature="DownloadVahanReportTest.POCDP()[pri:0, instance:vahanReportView.msil.tests.Com.Ttn.WebAutomation.DownloadVahanReportTest@14faa38c, instance params:[TINDIVANAM RTO - TN571( 14-JUN-2018 )]]"
                        name="POCDP" class="vahanReportView.msil.tests.Com.Ttn.WebAutomation.DownloadVahanReportTest"/>
                <method signature="DownloadVahanReportTest.POCDP()[pri:0, instance:vahanReportView.msil.tests.Com.Ttn.WebAutomation.DownloadVahanReportTest@155d1021, instance params:[HARUR UO - TN527( 03-AUG-2018 )]]"
                        name="POCDP" class="vahanReportView.msil.tests.Com.Ttn.WebAutomation.DownloadVahanReportTest"/>
                <method signature="DownloadVahanReportTest.POCDP()[pri:0, instance:vahanReportView.msil.tests.Com.Ttn.WebAutomation.DownloadVahanReportTest@1623bbe5, instance params:[POONAMALLEE RTO - TN511( 11-JUN-2018 )]]"
                        name="POCDP" class="vahanReportView.msil.tests.Com.Ttn.WebAutomation.DownloadVahanReportTest"/>
                <method signature="DownloadVahanReportTest.POCDP()[pri:0, instance:vahanReportView.msil.tests.Com.Ttn.WebAutomation.DownloadVahanReportTest@17d238b1, instance params:[VALLIYUR UO - TN608( 25-JUL-2018 )]]"
                        name="POCDP" class="vahanReportView.msil.tests.Com.Ttn.WebAutomation.DownloadVahanReportTest"/>
                <method signature="DownloadVahanReportTest.POCDP()[pri:0, instance:vahanReportView.msil.tests.Com.Ttn.WebAutomation.DownloadVahanReportTest@18388a3c, instance params:[CHENNAI (WEST) RTO - TN9( 28-MAY-2018 )]]"
                        name="POCDP" class="vahanReportView.msil.tests.Com.Ttn.WebAutomation.DownloadVahanReportTest"/>
                <method signature="DownloadVahanReportTest.POCDP()[pri:0, instance:vahanReportView.msil.tests.Com.Ttn.WebAutomation.DownloadVahanReportTest@19f040ba, instance params:[USILAMPATTI UO - TN636( 14-AUG-2018 )]]"
                        name="POCDP" class="vahanReportView.msil.tests.Com.Ttn.WebAutomation.DownloadVahanReportTest"/>
                <method signature="DownloadVahanReportTest.POCDP()[pri:0, instance:vahanReportView.msil.tests.Com.Ttn.WebAutomation.DownloadVahanReportTest@1a1ed4e5, instance params:[PARAMATHI VELLURE UO - TN517( 30-AUG-2018 )]]"
                        name="POCDP" class="vahanReportView.msil.tests.Com.Ttn.WebAutomation.DownloadVahanReportTest"/>
                <method signature="DownloadVahanReportTest.POCDP()[pri:0, instance:vahanReportView.msil.tests.Com.Ttn.WebAutomation.DownloadVahanReportTest@1c6e0a08, instance params:[PERAMBALUR RTO - TN46( 14-AUG-2018 )]]"
                        name="POCDP" class="vahanReportView.msil.tests.Com.Ttn.WebAutomation.DownloadVahanReportTest"/>
                <method signature="DownloadVahanReportTest.POCDP()[pri:0, instance:vahanReportView.msil.tests.Com.Ttn.WebAutomation.DownloadVahanReportTest@1d035be3, instance params:[CHEYYAR UO - TN635( 07-APR-2017 )]]"
                        name="POCDP" class="vahanReportView.msil.tests.Com.Ttn.WebAutomation.DownloadVahanReportTest"/>
                <method signature="DownloadVahanReportTest.POCDP()[pri:0, instance:vahanReportView.msil.tests.Com.Ttn.WebAutomation.DownloadVahanReportTest@1d2644e3, instance params:[ARAKKONAM UO - TN609( 06-JUL-2018 )]]"
                        name="POCDP" class="vahanReportView.msil.tests.Com.Ttn.WebAutomation.DownloadVahanReportTest"/>
                <method signature="DownloadVahanReportTest.POCDP()[pri:0, instance:vahanReportView.msil.tests.Com.Ttn.WebAutomation.DownloadVahanReportTest@1e6b9a95, instance params:[SRIRANGAM RTO - TN48( 28-JUN-2018 )]]"
                        name="POCDP" class="vahanReportView.msil.tests.Com.Ttn.WebAutomation.DownloadVahanReportTest"/>
                <method signature="DownloadVahanReportTest.POCDP()[pri:0, instance:vahanReportView.msil.tests.Com.Ttn.WebAutomation.DownloadVahanReportTest@1efdcd5, instance params:[POLLACHI RTO - TN41( 23-JUL-2018 )]]"
                        name="POCDP" class="vahanReportView.msil.tests.Com.Ttn.WebAutomation.DownloadVahanReportTest"/>
                <method signature="DownloadVahanReportTest.POCDP()[pri:0, instance:vahanReportView.msil.tests.Com.Ttn.WebAutomation.DownloadVahanReportTest@1f86099a, instance params:[MUSURI UO - TN621( 28-JUN-2018 )]]"
                        name="POCDP" class="vahanReportView.msil.tests.Com.Ttn.WebAutomation.DownloadVahanReportTest"/>
                <method signature="DownloadVahanReportTest.POCDP()[pri:0, instance:vahanReportView.msil.tests.Com.Ttn.WebAutomation.DownloadVahanReportTest@2375b321, instance params:[TIRUPPUR (SOUTH) RTO - TN42( 25-JUL-2018 )]]"
                        name="POCDP" class="vahanReportView.msil.tests.Com.Ttn.WebAutomation.DownloadVahanReportTest"/>
                <method signature="DownloadVahanReportTest.POCDP()[pri:0, instance:vahanReportView.msil.tests.Com.Ttn.WebAutomation.DownloadVahanReportTest@2424686b, instance params:[MADURAI (SOUTH) RTO - TN58( 06-JUL-2018 )]]"
                        name="POCDP" class="vahanReportView.msil.tests.Com.Ttn.WebAutomation.DownloadVahanReportTest"/>
                <method signature="DownloadVahanReportTest.POCDP()[pri:0, instance:vahanReportView.msil.tests.Com.Ttn.WebAutomation.DownloadVahanReportTest@27abb83e, instance params:[PANRUTI UO - TN626( 19-JUN-2018 )]]"
                        name="POCDP" class="vahanReportView.msil.tests.Com.Ttn.WebAutomation.DownloadVahanReportTest"/>
                <method signature="DownloadVahanReportTest.POCDP()[pri:0, instance:vahanReportView.msil.tests.Com.Ttn.WebAutomation.DownloadVahanReportTest@27cbfddf, instance params:[KRISHNAGIRI RTO - TN24( 06-JUL-2018 )]]"
                        name="POCDP" class="vahanReportView.msil.tests.Com.Ttn.WebAutomation.DownloadVahanReportTest"/>
                <method signature="DownloadVahanReportTest.POCDP()[pri:0, instance:vahanReportView.msil.tests.Com.Ttn.WebAutomation.DownloadVahanReportTest@27e32fe4, instance params:[VADIPATTI UO - TN599( 05-JUN-2018 )]]"
                        name="POCDP" class="vahanReportView.msil.tests.Com.Ttn.WebAutomation.DownloadVahanReportTest"/>
                <method signature="DownloadVahanReportTest.POCDP()[pri:0, instance:vahanReportView.msil.tests.Com.Ttn.WebAutomation.DownloadVahanReportTest@27ead29e, instance params:[KULITHALI UO - TN585( 27-JUN-2018 )]]"
                        name="POCDP" class="vahanReportView.msil.tests.Com.Ttn.WebAutomation.DownloadVahanReportTest"/>
                <method signature="DownloadVahanReportTest.POCDP()[pri:0, instance:vahanReportView.msil.tests.Com.Ttn.WebAutomation.DownloadVahanReportTest@28486680, instance params:[MANAPARAI UO - TN584( 30-MAY-2018 )]]"
                        name="POCDP" class="vahanReportView.msil.tests.Com.Ttn.WebAutomation.DownloadVahanReportTest"/>
                <method signature="DownloadVahanReportTest.POCDP()[pri:0, instance:vahanReportView.msil.tests.Com.Ttn.WebAutomation.DownloadVahanReportTest@291120f4, instance params:[SATHYAMANGALAM UO - TN579( 30-JUL-2018 )]]"
                        name="POCDP" class="vahanReportView.msil.tests.Com.Ttn.WebAutomation.DownloadVahanReportTest"/>
                <method signature="DownloadVahanReportTest.POCDP()[pri:0, instance:vahanReportView.msil.tests.Com.Ttn.WebAutomation.DownloadVahanReportTest@294bdeb4, instance params:[METTUPALAYAM RTO - TN40( 18-JUL-2018 )]]"
                        name="POCDP" class="vahanReportView.msil.tests.Com.Ttn.WebAutomation.DownloadVahanReportTest"/>
                <method signature="DownloadVahanReportTest.POCDP()[pri:0, instance:vahanReportView.msil.tests.Com.Ttn.WebAutomation.DownloadVahanReportTest@2c42b421, instance params:[KALLAKURICHI RTO - TN615( 15-JUN-2018 )]]"
                        name="POCDP" class="vahanReportView.msil.tests.Com.Ttn.WebAutomation.DownloadVahanReportTest"/>
                <method signature="DownloadVahanReportTest.POCDP()[pri:0, instance:vahanReportView.msil.tests.Com.Ttn.WebAutomation.DownloadVahanReportTest@2e647e59, instance params:[ILLUPPUR UO - TN629( 24-MAY-2018 )]]"
                        name="POCDP" class="vahanReportView.msil.tests.Com.Ttn.WebAutomation.DownloadVahanReportTest"/>
                <method signature="DownloadVahanReportTest.POCDP()[pri:0, instance:vahanReportView.msil.tests.Com.Ttn.WebAutomation.DownloadVahanReportTest@2e6ba49a, instance params:[CHENNAI (NORTH) RTO - TN5( 01-JUL-2018 )]]"
                        name="POCDP" class="vahanReportView.msil.tests.Com.Ttn.WebAutomation.DownloadVahanReportTest"/>
                <method signature="DownloadVahanReportTest.POCDP()[pri:0, instance:vahanReportView.msil.tests.Com.Ttn.WebAutomation.DownloadVahanReportTest@2f4919b0, instance params:[GOPICHETTIPALAYAM RTO - TN36( 30-JUL-2018 )]]"
                        name="POCDP" class="vahanReportView.msil.tests.Com.Ttn.WebAutomation.DownloadVahanReportTest"/>
                <method signature="DownloadVahanReportTest.POCDP()[pri:0, instance:vahanReportView.msil.tests.Com.Ttn.WebAutomation.DownloadVahanReportTest@2f6bcf87, instance params:[SIRKALI UO - TN623( 07-AUG-2018 )]]"
                        name="POCDP" class="vahanReportView.msil.tests.Com.Ttn.WebAutomation.DownloadVahanReportTest"/>
                <method signature="DownloadVahanReportTest.POCDP()[pri:0, instance:vahanReportView.msil.tests.Com.Ttn.WebAutomation.DownloadVahanReportTest@2fb5fe30, instance params:[TIRUNELVELI RTO - TN72( 25-JUL-2018 )]]"
                        name="POCDP" class="vahanReportView.msil.tests.Com.Ttn.WebAutomation.DownloadVahanReportTest"/>
                <method signature="DownloadVahanReportTest.POCDP()[pri:0, instance:vahanReportView.msil.tests.Com.Ttn.WebAutomation.DownloadVahanReportTest@3044e9c7, instance params:[VILUPPURAM RTO - TN32( 14-JUN-2018 )]]"
                        name="POCDP" class="vahanReportView.msil.tests.Com.Ttn.WebAutomation.DownloadVahanReportTest"/>
                <method signature="DownloadVahanReportTest.POCDP()[pri:0, instance:vahanReportView.msil.tests.Com.Ttn.WebAutomation.DownloadVahanReportTest@30b9eadd, instance params:[DHARMAPURI RTO - TN29( 03-AUG-2018 )]]"
                        name="POCDP" class="vahanReportView.msil.tests.Com.Ttn.WebAutomation.DownloadVahanReportTest"/>
                <method signature="DownloadVahanReportTest.POCDP()[pri:0, instance:vahanReportView.msil.tests.Com.Ttn.WebAutomation.DownloadVahanReportTest@3249a1ce, instance params:[ERODE (WEST) RTO - TN86( 10-AUG-2018 )]]"
                        name="POCDP" class="vahanReportView.msil.tests.Com.Ttn.WebAutomation.DownloadVahanReportTest"/>
                <method signature="DownloadVahanReportTest.POCDP()[pri:0, instance:vahanReportView.msil.tests.Com.Ttn.WebAutomation.DownloadVahanReportTest@352e612e, instance params:[MADURAI (CENTRAL) RTO - TN64( 17-AUG-2018 )]]"
                        name="POCDP" class="vahanReportView.msil.tests.Com.Ttn.WebAutomation.DownloadVahanReportTest"/>
                <method signature="DownloadVahanReportTest.POCDP()[pri:0, instance:vahanReportView.msil.tests.Com.Ttn.WebAutomation.DownloadVahanReportTest@35e478f, instance params:[VANIYAMBADI RTO - TN515( 11-JUL-2018 )]]"
                        name="POCDP" class="vahanReportView.msil.tests.Com.Ttn.WebAutomation.DownloadVahanReportTest"/>
                <method signature="DownloadVahanReportTest.POCDP()[pri:0, instance:vahanReportView.msil.tests.Com.Ttn.WebAutomation.DownloadVahanReportTest@37d00a23, instance params:[RANIPET RTO - TN73( 06-JUL-2018 )]]"
                        name="POCDP" class="vahanReportView.msil.tests.Com.Ttn.WebAutomation.DownloadVahanReportTest"/>
                <method signature="DownloadVahanReportTest.POCDP()[pri:0, instance:vahanReportView.msil.tests.Com.Ttn.WebAutomation.DownloadVahanReportTest@381cad29, instance params:[SALEM (EAST) RTO - TN54( 29-AUG-2018 )]]"
                        name="POCDP" class="vahanReportView.msil.tests.Com.Ttn.WebAutomation.DownloadVahanReportTest"/>
                <method signature="DownloadVahanReportTest.POCDP()[pri:0, instance:vahanReportView.msil.tests.Com.Ttn.WebAutomation.DownloadVahanReportTest@383f3558, instance params:[KUNDRATHUR RTO - TN85( 19-JUN-2018 )]]"
                        name="POCDP" class="vahanReportView.msil.tests.Com.Ttn.WebAutomation.DownloadVahanReportTest"/>
                <method signature="DownloadVahanReportTest.POCDP()[pri:0, instance:vahanReportView.msil.tests.Com.Ttn.WebAutomation.DownloadVahanReportTest@39aa45a1, instance params:[KARUR RTO - TN47( 27-JUN-2018 )]]"
                        name="POCDP" class="vahanReportView.msil.tests.Com.Ttn.WebAutomation.DownloadVahanReportTest"/>
                <method signature="DownloadVahanReportTest.POCDP()[pri:0, instance:vahanReportView.msil.tests.Com.Ttn.WebAutomation.DownloadVahanReportTest@3b8ee898, instance params:[MEENAMBAKKAM RTO - TN22( 09-JUL-2018 )]]"
                        name="POCDP" class="vahanReportView.msil.tests.Com.Ttn.WebAutomation.DownloadVahanReportTest"/>
                <method signature="DownloadVahanReportTest.POCDP()[pri:0, instance:vahanReportView.msil.tests.Com.Ttn.WebAutomation.DownloadVahanReportTest@3bd55d8, instance params:[AVINASHI UO - TN580( 14-AUG-2018 )]]"
                        name="POCDP" class="vahanReportView.msil.tests.Com.Ttn.WebAutomation.DownloadVahanReportTest"/>
                <method signature="DownloadVahanReportTest.POCDP()[pri:0, instance:vahanReportView.msil.tests.Com.Ttn.WebAutomation.DownloadVahanReportTest@3c2772d1, instance params:[RAMANATHAPURAM RTO - TN65( 21-AUG-2018 )]]"
                        name="POCDP" class="vahanReportView.msil.tests.Com.Ttn.WebAutomation.DownloadVahanReportTest"/>
                <method signature="DownloadVahanReportTest.POCDP()[pri:0, instance:vahanReportView.msil.tests.Com.Ttn.WebAutomation.DownloadVahanReportTest@3c443976, instance params:[ARUPPUKOTTAI UO - TN622( 25-JUL-2018 )]]"
                        name="POCDP" class="vahanReportView.msil.tests.Com.Ttn.WebAutomation.DownloadVahanReportTest"/>
                <method signature="DownloadVahanReportTest.POCDP()[pri:0, instance:vahanReportView.msil.tests.Com.Ttn.WebAutomation.DownloadVahanReportTest@3c5a54b7, instance params:[SANKAGIRI RTO - TN52( 30-AUG-2018 )]]"
                        name="POCDP" class="vahanReportView.msil.tests.Com.Ttn.WebAutomation.DownloadVahanReportTest"/>
                <method signature="DownloadVahanReportTest.POCDP()[pri:0, instance:vahanReportView.msil.tests.Com.Ttn.WebAutomation.DownloadVahanReportTest@3d7cc3cb, instance params:[VALPARAI UO - TN633( 24-JUL-2018 )]]"
                        name="POCDP" class="vahanReportView.msil.tests.Com.Ttn.WebAutomation.DownloadVahanReportTest"/>
                <method signature="DownloadVahanReportTest.POCDP()[pri:0, instance:vahanReportView.msil.tests.Com.Ttn.WebAutomation.DownloadVahanReportTest@3e58d65e, instance params:[ATTUR RTO - TN591( 08-JAN-2018 )]]"
                        name="POCDP" class="vahanReportView.msil.tests.Com.Ttn.WebAutomation.DownloadVahanReportTest"/>
                <method signature="DownloadVahanReportTest.POCDP()[pri:0, instance:vahanReportView.msil.tests.Com.Ttn.WebAutomation.DownloadVahanReportTest@3f4f9acd, instance params:[ALANGUDI UO - TN641( 04-JUN-2018 )]]"
                        name="POCDP" class="vahanReportView.msil.tests.Com.Ttn.WebAutomation.DownloadVahanReportTest"/>
                <method signature="DownloadVahanReportTest.POCDP()[pri:0, instance:vahanReportView.msil.tests.Com.Ttn.WebAutomation.DownloadVahanReportTest@40620d8e, instance params:[KUMBAKONAM RTO - TN68( 06-AUG-2018 )]]"
                        name="POCDP" class="vahanReportView.msil.tests.Com.Ttn.WebAutomation.DownloadVahanReportTest"/>
                <method signature="DownloadVahanReportTest.POCDP()[pri:0, instance:vahanReportView.msil.tests.Com.Ttn.WebAutomation.DownloadVahanReportTest@408a247c, instance params:[CHENNAI (EAST) RTO - TN4( 03-JUL-2018 )]]"
                        name="POCDP" class="vahanReportView.msil.tests.Com.Ttn.WebAutomation.DownloadVahanReportTest"/>
                <method signature="DownloadVahanReportTest.POCDP()[pri:0, instance:vahanReportView.msil.tests.Com.Ttn.WebAutomation.DownloadVahanReportTest@411291e5, instance params:[UDUMALPET RTO - TN581( 17-AUG-2018 )]]"
                        name="POCDP" class="vahanReportView.msil.tests.Com.Ttn.WebAutomation.DownloadVahanReportTest"/>
                <method signature="DownloadVahanReportTest.POCDP()[pri:0, instance:vahanReportView.msil.tests.Com.Ttn.WebAutomation.DownloadVahanReportTest@412c995d, instance params:[ERODE RTO - TN33( 14-AUG-2018 )]]"
                        name="POCDP" class="vahanReportView.msil.tests.Com.Ttn.WebAutomation.DownloadVahanReportTest"/>
                <method signature="DownloadVahanReportTest.POCDP()[pri:0, instance:vahanReportView.msil.tests.Com.Ttn.WebAutomation.DownloadVahanReportTest@417ad4f3, instance params:[SHOLINGANALLUR RTO - TN512( 19-JUN-2018 )]]"
                        name="POCDP" class="vahanReportView.msil.tests.Com.Ttn.WebAutomation.DownloadVahanReportTest"/>
                <method signature="DownloadVahanReportTest.POCDP()[pri:0, instance:vahanReportView.msil.tests.Com.Ttn.WebAutomation.DownloadVahanReportTest@41a6d121, instance params:[TIRUVARUR RTO - TN50( 09-AUG-2018 )]]"
                        name="POCDP" class="vahanReportView.msil.tests.Com.Ttn.WebAutomation.DownloadVahanReportTest"/>
                <method signature="DownloadVahanReportTest.POCDP()[pri:0, instance:vahanReportView.msil.tests.Com.Ttn.WebAutomation.DownloadVahanReportTest@41d7b27f, instance params:[VIRUDHACHALAM UO - TN553( 19-JUN-2018 )]]"
                        name="POCDP" class="vahanReportView.msil.tests.Com.Ttn.WebAutomation.DownloadVahanReportTest"/>
                <method signature="DownloadVahanReportTest.POCDP()[pri:0, instance:vahanReportView.msil.tests.Com.Ttn.WebAutomation.DownloadVahanReportTest@4248ed58, instance params:[NEYVELI UO - TN562( 20-JUN-2018 )]]"
                        name="POCDP" class="vahanReportView.msil.tests.Com.Ttn.WebAutomation.DownloadVahanReportTest"/>
                <method signature="DownloadVahanReportTest.POCDP()[pri:0, instance:vahanReportView.msil.tests.Com.Ttn.WebAutomation.DownloadVahanReportTest@433e536f, instance params:[RASIPURAM UO - TN526( 30-AUG-2018 )]]"
                        name="POCDP" class="vahanReportView.msil.tests.Com.Ttn.WebAutomation.DownloadVahanReportTest"/>
                <method signature="DownloadVahanReportTest.POCDP()[pri:0, instance:vahanReportView.msil.tests.Com.Ttn.WebAutomation.DownloadVahanReportTest@4351171a, instance params:[RAJAPALAYAM UO - TN643( 15-NOV-2023 )]]"
                        name="POCDP" class="vahanReportView.msil.tests.Com.Ttn.WebAutomation.DownloadVahanReportTest"/>
                <method signature="DownloadVahanReportTest.POCDP()[pri:0, instance:vahanReportView.msil.tests.Com.Ttn.WebAutomation.DownloadVahanReportTest@4564e94b, instance params:[OMALURE UO - TN535( 29-AUG-2018 )]]"
                        name="POCDP" class="vahanReportView.msil.tests.Com.Ttn.WebAutomation.DownloadVahanReportTest"/>
                <method signature="DownloadVahanReportTest.POCDP()[pri:0, instance:vahanReportView.msil.tests.Com.Ttn.WebAutomation.DownloadVahanReportTest@45673f68, instance params:[PALANI RTO - TN597( 24-JUL-2018 )]]"
                        name="POCDP" class="vahanReportView.msil.tests.Com.Ttn.WebAutomation.DownloadVahanReportTest"/>
                <method signature="DownloadVahanReportTest.POCDP()[pri:0, instance:vahanReportView.msil.tests.Com.Ttn.WebAutomation.DownloadVahanReportTest@456be73c, instance params:[TIRUPPUR (NORTH) RTO - TN39( 25-JUL-2018 )]]"
                        name="POCDP" class="vahanReportView.msil.tests.Com.Ttn.WebAutomation.DownloadVahanReportTest"/>
                <method signature="DownloadVahanReportTest.POCDP()[pri:0, instance:vahanReportView.msil.tests.Com.Ttn.WebAutomation.DownloadVahanReportTest@46baf579, instance params:[ALANGULAM UO - TN644( 05-MAR-2024 )]]"
                        name="POCDP" class="vahanReportView.msil.tests.Com.Ttn.WebAutomation.DownloadVahanReportTest"/>
                <method signature="DownloadVahanReportTest.POCDP()[pri:0, instance:vahanReportView.msil.tests.Com.Ttn.WebAutomation.DownloadVahanReportTest@49096b06, instance params:[VIRUDHUNAGAR RTO - TN67( 25-JUL-2018 )]]"
                        name="POCDP" class="vahanReportView.msil.tests.Com.Ttn.WebAutomation.DownloadVahanReportTest"/>
                <method signature="DownloadVahanReportTest.POCDP()[pri:0, instance:vahanReportView.msil.tests.Com.Ttn.WebAutomation.DownloadVahanReportTest@497570fb, instance params:[DINDIGUL RTO - TN57( 19-JUN-2018 )]]"
                        name="POCDP" class="vahanReportView.msil.tests.Com.Ttn.WebAutomation.DownloadVahanReportTest"/>
                <method signature="DownloadVahanReportTest.POCDP()[pri:0, instance:vahanReportView.msil.tests.Com.Ttn.WebAutomation.DownloadVahanReportTest@49b07ee3, instance params:[LALKUDI UO - TN631( 28-JUN-2018 )]]"
                        name="POCDP" class="vahanReportView.msil.tests.Com.Ttn.WebAutomation.DownloadVahanReportTest"/>
                <method signature="DownloadVahanReportTest.POCDP()[pri:0, instance:vahanReportView.msil.tests.Com.Ttn.WebAutomation.DownloadVahanReportTest@4a1e3ac1, instance params:[MANNARGUDI UO - TN588( 09-AUG-2018 )]]"
                        name="POCDP" class="vahanReportView.msil.tests.Com.Ttn.WebAutomation.DownloadVahanReportTest"/>
                <method signature="DownloadVahanReportTest.POCDP()[pri:0, instance:vahanReportView.msil.tests.Com.Ttn.WebAutomation.DownloadVahanReportTest@4a60ee36, instance params:[CHIDAMBARAM RTO - TN544( 19-JUN-2018 )]]"
                        name="POCDP" class="vahanReportView.msil.tests.Com.Ttn.WebAutomation.DownloadVahanReportTest"/>
                <method signature="DownloadVahanReportTest.POCDP()[pri:0, instance:vahanReportView.msil.tests.Com.Ttn.WebAutomation.DownloadVahanReportTest@4bd2f0dc, instance params:[HOSUR RTO - TN70( 06-JUL-2018 )]]"
                        name="POCDP" class="vahanReportView.msil.tests.Com.Ttn.WebAutomation.DownloadVahanReportTest"/>
                <method signature="DownloadVahanReportTest.POCDP()[pri:0, instance:vahanReportView.msil.tests.Com.Ttn.WebAutomation.DownloadVahanReportTest@4bf324f9, instance params:[AMBASAMUTHIRAM UO - TN611( 28-AUG-2018 )]]"
                        name="POCDP" class="vahanReportView.msil.tests.Com.Ttn.WebAutomation.DownloadVahanReportTest"/>
                <method signature="DownloadVahanReportTest.POCDP()[pri:0, instance:vahanReportView.msil.tests.Com.Ttn.WebAutomation.DownloadVahanReportTest@4c060c8f, instance params:[KUMARAPALAYAM RTO - TN638( 28-JAN-2018 )]]"
                        name="POCDP" class="vahanReportView.msil.tests.Com.Ttn.WebAutomation.DownloadVahanReportTest"/>
                <method signature="DownloadVahanReportTest.POCDP()[pri:0, instance:vahanReportView.msil.tests.Com.Ttn.WebAutomation.DownloadVahanReportTest@4cee7fa0, instance params:[TAMBARAM RTO - TN513( 25-JUN-2018 )]]"
                        name="POCDP" class="vahanReportView.msil.tests.Com.Ttn.WebAutomation.DownloadVahanReportTest"/>
                <method signature="DownloadVahanReportTest.POCDP()[pri:0, instance:vahanReportView.msil.tests.Com.Ttn.WebAutomation.DownloadVahanReportTest@4cfbaf4, instance params:[COIMBATORE (CENTRAL) RTO - TN66( 17-JUL-2018 )]]"
                        name="POCDP" class="vahanReportView.msil.tests.Com.Ttn.WebAutomation.DownloadVahanReportTest"/>
                <method signature="DownloadVahanReportTest.POCDP()[pri:0, instance:vahanReportView.msil.tests.Com.Ttn.WebAutomation.DownloadVahanReportTest@4d6f623d, instance params:[SRIVILLIPUTHUR RTO - TN605( 17-AUG-2018 )]]"
                        name="POCDP" class="vahanReportView.msil.tests.Com.Ttn.WebAutomation.DownloadVahanReportTest"/>
                <method signature="DownloadVahanReportTest.POCDP()[pri:0, instance:vahanReportView.msil.tests.Com.Ttn.WebAutomation.DownloadVahanReportTest@4d7e7435, instance params:[MANMANGALAM UO - TN637( 25-JUN-2018 )]]"
                        name="POCDP" class="vahanReportView.msil.tests.Com.Ttn.WebAutomation.DownloadVahanReportTest"/>
                <method signature="DownloadVahanReportTest.POCDP()[pri:0, instance:vahanReportView.msil.tests.Com.Ttn.WebAutomation.DownloadVahanReportTest@4dd94a58, instance params:[GINGEE UO - TN627( 14-JUN-2018 )]]"
                        name="POCDP" class="vahanReportView.msil.tests.Com.Ttn.WebAutomation.DownloadVahanReportTest"/>
                <method signature="DownloadVahanReportTest.POCDP()[pri:0, instance:vahanReportView.msil.tests.Com.Ttn.WebAutomation.DownloadVahanReportTest@4e2c95ee, instance params:[THIRUCHENDUR RTO - TN606( 28-AUG-2018 )]]"
                        name="POCDP" class="vahanReportView.msil.tests.Com.Ttn.WebAutomation.DownloadVahanReportTest"/>
                <method signature="DownloadVahanReportTest.POCDP()[pri:0, instance:vahanReportView.msil.tests.Com.Ttn.WebAutomation.DownloadVahanReportTest@4ee33af7, instance params:[CHENNAI (SOUTH) RTO - TN7( 01-JUN-2018 )]]"
                        name="POCDP" class="vahanReportView.msil.tests.Com.Ttn.WebAutomation.DownloadVahanReportTest"/>
                <method signature="DownloadVahanReportTest.POCDP()[pri:0, instance:vahanReportView.msil.tests.Com.Ttn.WebAutomation.DownloadVahanReportTest@4f449e8f, instance params:[TIRUVERANBUR UO - TN583( 09-JUL-2018 )]]"
                        name="POCDP" class="vahanReportView.msil.tests.Com.Ttn.WebAutomation.DownloadVahanReportTest"/>
                <method signature="DownloadVahanReportTest.POCDP()[pri:0, instance:vahanReportView.msil.tests.Com.Ttn.WebAutomation.DownloadVahanReportTest@4f7c0be3, instance params:[AMBATTUR RTO - TN612( 07-JUN-2018 )]]"
                        name="POCDP" class="vahanReportView.msil.tests.Com.Ttn.WebAutomation.DownloadVahanReportTest"/>
                <method signature="DownloadVahanReportTest.POCDP()[pri:0, instance:vahanReportView.msil.tests.Com.Ttn.WebAutomation.DownloadVahanReportTest@4fa06f52, instance params:[ARANI RTO - TN516( 21-MAY-2018 )]]"
                        name="POCDP" class="vahanReportView.msil.tests.Com.Ttn.WebAutomation.DownloadVahanReportTest"/>
                <method signature="DownloadVahanReportTest.POCDP()[pri:0, instance:vahanReportView.msil.tests.Com.Ttn.WebAutomation.DownloadVahanReportTest@51745f40, instance params:[PALACODE UO - TN616( 03-AUG-2018 )]]"
                        name="POCDP" class="vahanReportView.msil.tests.Com.Ttn.WebAutomation.DownloadVahanReportTest"/>
                <method signature="DownloadVahanReportTest.POCDP()[pri:0, instance:vahanReportView.msil.tests.Com.Ttn.WebAutomation.DownloadVahanReportTest@51e37590, instance params:[KANCHEEPURAM RTO - TN21( 05-JUL-2018 )]]"
                        name="POCDP" class="vahanReportView.msil.tests.Com.Ttn.WebAutomation.DownloadVahanReportTest"/>
                <method signature="DownloadVahanReportTest.POCDP()[pri:0, instance:vahanReportView.msil.tests.Com.Ttn.WebAutomation.DownloadVahanReportTest@5300f14a, instance params:[METTUR RTO - TN590( 30-AUG-2018 )]]"
                        name="POCDP" class="vahanReportView.msil.tests.Com.Ttn.WebAutomation.DownloadVahanReportTest"/>
                <method signature="DownloadVahanReportTest.POCDP()[pri:0, instance:vahanReportView.msil.tests.Com.Ttn.WebAutomation.DownloadVahanReportTest@54534abf, instance params:[OOTY RTO - TN43( 18-JUL-2018 )]]"
                        name="POCDP" class="vahanReportView.msil.tests.Com.Ttn.WebAutomation.DownloadVahanReportTest"/>
                <method signature="DownloadVahanReportTest.POCDP()[pri:0, instance:vahanReportView.msil.tests.Com.Ttn.WebAutomation.DownloadVahanReportTest@5488b5c5, instance params:[NATHAM UO - TN640( 04-JUN-2018 )]]"
                        name="POCDP" class="vahanReportView.msil.tests.Com.Ttn.WebAutomation.DownloadVahanReportTest"/>
                <method signature="DownloadVahanReportTest.POCDP()[pri:0, instance:vahanReportView.msil.tests.Com.Ttn.WebAutomation.DownloadVahanReportTest@54acff7d, instance params:[NAMAKKAL (NORTH) RTO - TN28( 30-AUG-2018 )]]"
                        name="POCDP" class="vahanReportView.msil.tests.Com.Ttn.WebAutomation.DownloadVahanReportTest"/>
                <method signature="DownloadVahanReportTest.POCDP()[pri:0, instance:vahanReportView.msil.tests.Com.Ttn.WebAutomation.DownloadVahanReportTest@56febdc, instance params:[MAYILADUTHURAI RTO - TN589( 07-AUG-2018 )]]"
                        name="POCDP" class="vahanReportView.msil.tests.Com.Ttn.WebAutomation.DownloadVahanReportTest"/>
                <method signature="DownloadVahanReportTest.POCDP()[pri:0, instance:vahanReportView.msil.tests.Com.Ttn.WebAutomation.DownloadVahanReportTest@58f174d9, instance params:[SIVAGANGAI RTO - TN63( 21-AUG-2018 )]]"
                        name="POCDP" class="vahanReportView.msil.tests.Com.Ttn.WebAutomation.DownloadVahanReportTest"/>
                <method signature="DownloadVahanReportTest.POCDP()[pri:0, instance:vahanReportView.msil.tests.Com.Ttn.WebAutomation.DownloadVahanReportTest@58faa93b, instance params:[COIMBATORE (NORTH) RTO - TN38( 17-JUL-2018 )]]"
                        name="POCDP" class="vahanReportView.msil.tests.Com.Ttn.WebAutomation.DownloadVahanReportTest"/>
                <method signature="DownloadVahanReportTest.POCDP()[pri:0, instance:vahanReportView.msil.tests.Com.Ttn.WebAutomation.DownloadVahanReportTest@5942ee04, instance params:[THIRUTHURAIPOONDI UO - TN630( 09-AUG-2018 )]]"
                        name="POCDP" class="vahanReportView.msil.tests.Com.Ttn.WebAutomation.DownloadVahanReportTest"/>
                <method signature="DownloadVahanReportTest.POCDP()[pri:0, instance:vahanReportView.msil.tests.Com.Ttn.WebAutomation.DownloadVahanReportTest@5a5c128, instance params:[THIRUMANGALAM  UO - TN598( 07-JUL-2018 )]]"
                        name="POCDP" class="vahanReportView.msil.tests.Com.Ttn.WebAutomation.DownloadVahanReportTest"/>
                <method signature="DownloadVahanReportTest.POCDP()[pri:0, instance:vahanReportView.msil.tests.Com.Ttn.WebAutomation.DownloadVahanReportTest@5a865416, instance params:[THURAIYUR UO - TN586( 28-JUN-2018 )]]"
                        name="POCDP" class="vahanReportView.msil.tests.Com.Ttn.WebAutomation.DownloadVahanReportTest"/>
                <method signature="DownloadVahanReportTest.POCDP()[pri:0, instance:vahanReportView.msil.tests.Com.Ttn.WebAutomation.DownloadVahanReportTest@5b6e8f77, instance params:[TIRUVANNAMALAI RTO - TN25( 21-MAY-2018 )]]"
                        name="POCDP" class="vahanReportView.msil.tests.Com.Ttn.WebAutomation.DownloadVahanReportTest"/>
                <method signature="DownloadVahanReportTest.POCDP()[pri:0, instance:vahanReportView.msil.tests.Com.Ttn.WebAutomation.DownloadVahanReportTest@5baaae4c, instance params:[TIRUVALLUR RTO - TN20( 11-JUN-2018 )]]"
                        name="POCDP" class="vahanReportView.msil.tests.Com.Ttn.WebAutomation.DownloadVahanReportTest"/>
                <method signature="DownloadVahanReportTest.POCDP()[pri:0, instance:vahanReportView.msil.tests.Com.Ttn.WebAutomation.DownloadVahanReportTest@5e76a2bb, instance params:[THIRUTTANI UO - TN634( 11-JUN-2018 )]]"
                        name="POCDP" class="vahanReportView.msil.tests.Com.Ttn.WebAutomation.DownloadVahanReportTest"/>
                <method signature="DownloadVahanReportTest.POCDP()[pri:0, instance:vahanReportView.msil.tests.Com.Ttn.WebAutomation.DownloadVahanReportTest@5f212d84, instance params:[COIMBATORE (SOUTH) RTO - TN37( 28-MAY-2018 )]]"
                        name="POCDP" class="vahanReportView.msil.tests.Com.Ttn.WebAutomation.DownloadVahanReportTest"/>
                <method signature="DownloadVahanReportTest.POCDP()[pri:0, instance:vahanReportView.msil.tests.Com.Ttn.WebAutomation.DownloadVahanReportTest@5f5b5ca4, instance params:[CHENNAI (SOUTH-EAST) RTO - TN6( 11-JUN-2018 )]]"
                        name="POCDP" class="vahanReportView.msil.tests.Com.Ttn.WebAutomation.DownloadVahanReportTest"/>
                <method signature="DownloadVahanReportTest.POCDP()[pri:0, instance:vahanReportView.msil.tests.Com.Ttn.WebAutomation.DownloadVahanReportTest@5ffc5491, instance params:[ARAVAKURICHI UO - TN632( 27-JUN-2018 )]]"
                        name="POCDP" class="vahanReportView.msil.tests.Com.Ttn.WebAutomation.DownloadVahanReportTest"/>
                <method signature="DownloadVahanReportTest.POCDP()[pri:0, instance:vahanReportView.msil.tests.Com.Ttn.WebAutomation.DownloadVahanReportTest@601cbd8c, instance params:[THANJAVUR RTO - TN49( 06-AUG-2018 )]]"
                        name="POCDP" class="vahanReportView.msil.tests.Com.Ttn.WebAutomation.DownloadVahanReportTest"/>
                <method signature="DownloadVahanReportTest.POCDP()[pri:0, instance:vahanReportView.msil.tests.Com.Ttn.WebAutomation.DownloadVahanReportTest@602c4656, instance params:[ARANTHANGI UO - TN592( 19-DEC-2017 )]]"
                        name="POCDP" class="vahanReportView.msil.tests.Com.Ttn.WebAutomation.DownloadVahanReportTest"/>
                <method signature="DownloadVahanReportTest.POCDP()[pri:0, instance:vahanReportView.msil.tests.Com.Ttn.WebAutomation.DownloadVahanReportTest@61942c1, instance params:[CHENGALPATTU RTO - TN19( 07-JUN-2018 )]]"
                        name="POCDP" class="vahanReportView.msil.tests.Com.Ttn.WebAutomation.DownloadVahanReportTest"/>
                <method signature="DownloadVahanReportTest.POCDP()[pri:0, instance:vahanReportView.msil.tests.Com.Ttn.WebAutomation.DownloadVahanReportTest@61f2c3f0, instance params:[SANKARANKOVIL RTO - TN610( 28-AUG-2018 )]]"
                        name="POCDP" class="vahanReportView.msil.tests.Com.Ttn.WebAutomation.DownloadVahanReportTest"/>
                <method signature="DownloadVahanReportTest.POCDP()[pri:0, instance:vahanReportView.msil.tests.Com.Ttn.WebAutomation.DownloadVahanReportTest@62515a47, instance params:[SALEM (WEST) RTO - TN30( 29-AUG-2018 )]]"
                        name="POCDP" class="vahanReportView.msil.tests.Com.Ttn.WebAutomation.DownloadVahanReportTest"/>
                <method signature="DownloadVahanReportTest.POCDP()[pri:0, instance:vahanReportView.msil.tests.Com.Ttn.WebAutomation.DownloadVahanReportTest@62a8fd44, instance params:[CHENNAI (NORTH-EAST) RTO - TN3( 03-JUL-2018 )]]"
                        name="POCDP" class="vahanReportView.msil.tests.Com.Ttn.WebAutomation.DownloadVahanReportTest"/>
                <method signature="DownloadVahanReportTest.POCDP()[pri:0, instance:vahanReportView.msil.tests.Com.Ttn.WebAutomation.DownloadVahanReportTest@63998bf4, instance params:[BATLAGUNDU UO - TN596( 20-JUL-2018 )]]"
                        name="POCDP" class="vahanReportView.msil.tests.Com.Ttn.WebAutomation.DownloadVahanReportTest"/>
                <method signature="DownloadVahanReportTest.POCDP()[pri:0, instance:vahanReportView.msil.tests.Com.Ttn.WebAutomation.DownloadVahanReportTest@65f00478, instance params:[MADURAI (NORTH) RTO - TN59( 01-JUN-2018 )]]"
                        name="POCDP" class="vahanReportView.msil.tests.Com.Ttn.WebAutomation.DownloadVahanReportTest"/>
                <method signature="DownloadVahanReportTest.POCDP()[pri:0, instance:vahanReportView.msil.tests.Com.Ttn.WebAutomation.DownloadVahanReportTest@6622a690, instance params:[DHARAPURAM RTO - TN594( 18-JUL-2018 )]]"
                        name="POCDP" class="vahanReportView.msil.tests.Com.Ttn.WebAutomation.DownloadVahanReportTest"/>
                <method signature="DownloadVahanReportTest.POCDP()[pri:0, instance:vahanReportView.msil.tests.Com.Ttn.WebAutomation.DownloadVahanReportTest@667e34b1, instance params:[PATTUKOTTAI UNIT OFFICE - TN587( 06-AUG-2018 )]]"
                        name="POCDP" class="vahanReportView.msil.tests.Com.Ttn.WebAutomation.DownloadVahanReportTest"/>
                <method signature="DownloadVahanReportTest.POCDP()[pri:0, instance:vahanReportView.msil.tests.Com.Ttn.WebAutomation.DownloadVahanReportTest@69e308c6, instance params:[PARAMAKUDI UO - TN603( 24-JUL-2018 )]]"
                        name="POCDP" class="vahanReportView.msil.tests.Com.Ttn.WebAutomation.DownloadVahanReportTest"/>
                <method signature="DownloadVahanReportTest.POCDP()[pri:0, instance:vahanReportView.msil.tests.Com.Ttn.WebAutomation.DownloadVahanReportTest@6b04acb2, instance params:[CHENNAI (SOUTH-WEST) RTO - TN10( 03-JUL-2018 )]]"
                        name="POCDP" class="vahanReportView.msil.tests.Com.Ttn.WebAutomation.DownloadVahanReportTest"/>
                <method signature="DownloadVahanReportTest.POCDP()[pri:0, instance:vahanReportView.msil.tests.Com.Ttn.WebAutomation.DownloadVahanReportTest@6b7d1df8, instance params:[VELLORE RTO - TN23( 05-JUL-2018 )]]"
                        name="POCDP" class="vahanReportView.msil.tests.Com.Ttn.WebAutomation.DownloadVahanReportTest"/>
                <method signature="DownloadVahanReportTest.POCDP()[pri:0, instance:vahanReportView.msil.tests.Com.Ttn.WebAutomation.DownloadVahanReportTest@6b9c69a9, instance params:[CUDDALORE RTO - TN31( 15-JUN-2018 )]]"
                        name="POCDP" class="vahanReportView.msil.tests.Com.Ttn.WebAutomation.DownloadVahanReportTest"/>
                <method signature="DownloadVahanReportTest.POCDP()[pri:0, instance:vahanReportView.msil.tests.Com.Ttn.WebAutomation.DownloadVahanReportTest@6d6cb754, instance params:[VEDACHANDUR UO - TN617( 20-JUL-2018 )]]"
                        name="POCDP" class="vahanReportView.msil.tests.Com.Ttn.WebAutomation.DownloadVahanReportTest"/>
                <method signature="DownloadVahanReportTest.POCDP()[pri:0, instance:vahanReportView.msil.tests.Com.Ttn.WebAutomation.DownloadVahanReportTest@6dba847b, instance params:[PERUNDURAI RTO - TN56( 14-AUG-2018 )]]"
                        name="POCDP" class="vahanReportView.msil.tests.Com.Ttn.WebAutomation.DownloadVahanReportTest"/>
                <method signature="DownloadVahanReportTest.POCDP()[pri:0, instance:vahanReportView.msil.tests.Com.Ttn.WebAutomation.DownloadVahanReportTest@6dc1484, instance params:[TIRUCHI(EAST) RTO - TN81( 06-JUL-2018 )]]"
[...]
                </test-method> <!-- POCDP -->
                <test-method is-config="true"
                             signature="reportClosure(org.testng.ITestResult,java.lang.reflect.Method)[pri:0, instance:vahanReportView.msil.tests.Com.Ttn.WebAutomation.DownloadVahanReportTest@49096b06, instance params:[VIRUDHUNAGAR RTO - TN67( 25-JUL-2018 )]]"
                             started-at="2025-02-18T19:37:10 IST" name="reportClosure"
                             finished-at="2025-02-18T19:37:11 IST" duration-ms="1305" status="PASS">
                    <params>
                        <param index="0">
                            <value>
                                <![CDATA[[TestResult name=POCDP status=SUCCESS method=DownloadVahanReportTest.POCDP()[pri:0, instance:vahanReportView.msil.tests.Com.Ttn.WebAutomation.DownloadVahanReportTest@d0ec63, instance params:[THIRUKALUKUNTRAM UO - TN639( 04-JUN-2018 )]] output={null}]]]>
                            </value>
                        </param>
                        <param index="1">
                            <value>
                                <![CDATA[public void vahanReportView.msil.tests.Com.Ttn.WebAutomation.DownloadVahanReportTest.POCDP()]]>
                            </value>
                        </param>
                    </params>
                    <reporter-output>
                    </reporter-output>
                </test-method> <!-- reportClosure -->
                <test-method is-config="true"
                             signature="reportClosure(org.testng.ITestResult,java.lang.reflect.Method)[pri:0, instance:vahanReportView.msil.tests.Com.Ttn.WebAutomation.DownloadVahanReportTest@49096b06, instance params:[VIRUDHUNAGAR RTO - TN67( 25-JUL-2018 )]]"
                             started-at="2025-02-18T19:37:10 IST" name="reportClosure"
                             finished-at="2025-02-18T19:37:11 IST" duration-ms="983" status="PASS">
                    <params>
                        <param index="0">
                            <value>
                                <![CDATA[[TestResult name=POCDP status=SUCCESS method=DownloadVahanReportTest.POCDP()[pri:0, instance:vahanReportView.msil.tests.Com.Ttn.WebAutomation.DownloadVahanReportTest@ca66933, instance params:[AMBUR UO - TN628( 11-JUL-2018 )]] output={null}]]]>
                            </value>
                        </param>
                        <param index="1">
                            <value>
                                <![CDATA[public void vahanReportView.msil.tests.Com.Ttn.WebAutomation.DownloadVahanReportTest.POCDP()]]>
                            </value>
                        </param>
                    </params>
                    <reporter-output>
                    </reporter-output>
                </test-method> <!-- reportClosure -->
                <test-method is-config="true"
                             signature="afterClass()[pri:0, instance:vahanReportView.msil.tests.Com.Ttn.WebAutomation.DownloadVahanReportTest@49096b06, instance params:[VIRUDHUNAGAR RTO - TN67( 25-JUL-2018 )]]"
                             started-at="2025-02-18T19:37:11 IST" name="afterClass"
                             finished-at="2025-02-18T19:37:11 IST" duration-ms="0" status="PASS">
                    <reporter-output>
                    </reporter-output>
                </test-method> <!-- afterClass -->
                <test-method is-config="true"
                             signature="beforeClass()[pri:0, instance:vahanReportView.msil.tests.Com.Ttn.WebAutomation.DownloadVahanReportTest@f2c488, instance params:[NAGERCOIL RTO - TN74( 28-AUG-2018 )]]"
                             started-at="2025-02-18T19:37:11 IST" name="beforeClass"
                             finished-at="2025-02-18T19:37:11 IST" duration-ms="1" status="PASS">
                    <reporter-output>
                    </reporter-output>
                </test-method> <!-- beforeClass -->
                <test-method is-config="true"
                             signature="preReportSetUp(java.lang.String,java.lang.reflect.Method,org.testng.ITestContext,java.lang.String)[pri:0, instance:vahanReportView.msil.tests.Com.Ttn.WebAutomation.DownloadVahanReportTest@49096b06, instance params:[VIRUDHUNAGAR RTO - TN67( 25-JUL-2018 )]]"
                             started-at="2025-02-18T19:37:11 IST" name="preReportSetUp"
                             finished-at="2025-02-18T19:37:20 IST" duration-ms="9178" status="PASS">
                    <params>
                        <param index="0">
                            <value>
                                <![CDATA[Chrome]]>
                            </value>
                        </param>
                        <param index="1">
                            <value>
                                <![CDATA[public void vahanReportView.msil.tests.Com.Ttn.WebAutomation.DownloadVahanReportTest.POCDP()]]>
                            </value>
                        </param>
                        <param index="2">
                            <value>
                                <![CDATA[org.testng.TestRunner@69e05f61]]>
                            </value>
                        </param>
                        <param index="3">
                            <value>
                                <![CDATA[safari]]>
                            </value>
                        </param>
                    </params>
                    <reporter-output>
                        <line>
                            <![CDATA[Chrome Launched in Windows 10]]>
                        </line>
                        <line>
                            <![CDATA[(Test Chrome) Navigating to URL in CHROME : https://vahan.parivahan.gov.in/vahan4dashboard/vahan/vahan/view/reportview.xhtml]]>
                        </line>
                    </reporter-output>
                </test-method> <!-- preReportSetUp -->
                <test-method is-config="true"
                             signature="preReportSetUp(java.lang.String,java.lang.reflect.Method,org.testng.ITestContext,java.lang.String)[pri:0, instance:vahanReportView.msil.tests.Com.Ttn.WebAutomation.DownloadVahanReportTest@49096b06, instance params:[VIRUDHUNAGAR RTO - TN67( 25-JUL-2018 )]]"
                             started-at="2025-02-18T19:37:11 IST" name="preReportSetUp"
                             finished-at="2025-02-18T19:37:19 IST" duration-ms="7524" status="PASS">
                    <params>
                        <param index="0">
                            <value>
                                <![CDATA[Chrome]]>
                            </value>
                        </param>
                        <param index="1">
                            <value>
                                <![CDATA[public void vahanReportView.msil.tests.Com.Ttn.WebAutomation.DownloadVahanReportTest.POCDP()]]>
                            </value>
                        </param>
                        <param index="2">
                            <value>
                                <![CDATA[org.testng.TestRunner@69e05f61]]>
                            </value>
                        </param>
                        <param index="3">
                            <value>
                                <![CDATA[safari]]>
                            </value>
                        </param>
                    </params>
                    <reporter-output>
                        <line>
                            <![CDATA[Chrome Launched in Windows 10]]>
                        </line>
                        <line>
                            <![CDATA[(Test Chrome) Navigating to URL in CHROME : https://vahan.parivahan.gov.in/vahan4dashboard/vahan/vahan/view/reportview.xhtml]]>
                        </line>
                    </reporter-output>
                </test-method> <!-- preReportSetUp -->
                <test-method is-config="true"
                             signature="beforeClass()[pri:0, instance:vahanReportView.msil.tests.Com.Ttn.WebAutomation.DownloadVahanReportTest@faa3fed, instance params:[RTO CHENNAI (NORTH WEST) - TN2( 25-JUN-2018 )]]"
                             started-at="2025-02-18T19:37:11 IST" name="beforeClass"
                             finished-at="2025-02-18T19:37:11 IST" duration-ms="0" status="PASS">
                    <reporter-output>
                    </reporter-output>
                </test-method> <!-- beforeClass -->
                <test-method is-config="true"
                             signature="afterClass()[pri:0, instance:vahanReportView.msil.tests.Com.Ttn.WebAutomation.DownloadVahanReportTest@49096b06, instance params:[VIRUDHUNAGAR RTO - TN67( 25-JUL-2018 )]]"
                             started-at="2025-02-18T19:37:11 IST" name="afterClass"
                             finished-at="2025-02-18T19:37:11 IST" duration-ms="0" status="PASS">
                    <reporter-output>
                    </reporter-output>
                </test-method> <!-- afterClass -->
                <test-method
                        signature="POCDP()[pri:0, instance:vahanReportView.msil.tests.Com.Ttn.WebAutomation.DownloadVahanReportTest@faa3fed, instance params:[RTO CHENNAI (NORTH WEST) - TN2( 25-JUN-2018 )]]"
                        started-at="2025-02-18T19:37:19 IST" name="POCDP" finished-at="2025-02-18T19:38:04 IST"
                        duration-ms="44946" status="PASS">
                    <reporter-output>
                    </reporter-output>
                </test-method> <!-- POCDP -->
                <test-method
                        signature="POCDP()[pri:0, instance:vahanReportView.msil.tests.Com.Ttn.WebAutomation.DownloadVahanReportTest@f2c488, instance params:[NAGERCOIL RTO - TN74( 28-AUG-2018 )]]"
                        started-at="2025-02-18T19:37:20 IST" name="POCDP" finished-at="2025-02-18T19:38:06 IST"
                        duration-ms="45286" status="PASS">
                    <reporter-output>
                    </reporter-output>
                </test-method> <!-- POCDP -->
                <test-method is-config="true"
                             signature="reportClosure(org.testng.ITestResult,java.lang.reflect.Method)[pri:0, instance:vahanReportView.msil.tests.Com.Ttn.WebAutomation.DownloadVahanReportTest@49096b06, instance params:[VIRUDHUNAGAR RTO - TN67( 25-JUL-2018 )]]"
                             started-at="2025-02-18T19:37:37 IST" name="reportClosure"
                             finished-at="2025-02-18T19:37:38 IST" duration-ms="727" status="PASS">
                    <params>
                        <param index="0">
                            <value>
                                <![CDATA[[TestResult name=POCDP status=SUCCESS method=DownloadVahanReportTest.POCDP()[pri:0, instance:vahanReportView.msil.tests.Com.Ttn.WebAutomation.DownloadVahanReportTest@deb3b60, instance params:[KANGEYAM UO - TN593( 17-AUG-2018 )]] output={null}]]]>
                            </value>
                        </param>
                        <param index="1">
                            <value>
                                <![CDATA[public void vahanReportView.msil.tests.Com.Ttn.WebAutomation.DownloadVahanReportTest.POCDP()]]>
                            </value>
                        </param>
                    </params>
                    <reporter-output>
                    </reporter-output>
                </test-method> <!-- reportClosure -->
                <test-method is-config="true"
                             signature="afterClass()[pri:0, instance:vahanReportView.msil.tests.Com.Ttn.WebAutomation.DownloadVahanReportTest@49096b06, instance params:[VIRUDHUNAGAR RTO - TN67( 25-JUL-2018 )]]"
                             started-at="2025-02-18T19:37:38 IST" name="afterClass"
                             finished-at="2025-02-18T19:37:38 IST" duration-ms="0" status="PASS">
                    <reporter-output>
                    </reporter-output>
                </test-method> <!-- afterClass -->
                <test-method is-config="true"
                             signature="reportClosure(org.testng.ITestResult,java.lang.reflect.Method)[pri:0, instance:vahanReportView.msil.tests.Com.Ttn.WebAutomation.DownloadVahanReportTest@49096b06, instance params:[VIRUDHUNAGAR RTO - TN67( 25-JUL-2018 )]]"
                             started-at="2025-02-18T19:37:49 IST" name="reportClosure"
                             finished-at="2025-02-18T19:37:50 IST" duration-ms="680" status="PASS">
                    <params>
                        <param index="0">
                            <value>
                                <![CDATA[[TestResult name=POCDP status=SUCCESS method=DownloadVahanReportTest.POCDP()[pri:0, instance:vahanReportView.msil.tests.Com.Ttn.WebAutomation.DownloadVahanReportTest@e93f3d5, instance params:[SULUR UO - TN620( 28-MAY-2018 )]] output={null}]]]>
                            </value>
                        </param>
                        <param index="1">
                            <value>
                                <![CDATA[public void vahanReportView.msil.tests.Com.Ttn.WebAutomation.DownloadVahanReportTest.POCDP()]]>
                            </value>
                        </param>
                    </params>
                    <reporter-output>
                    </reporter-output>
                </test-method> <!-- reportClosure -->
                <test-method is-config="true"
                             signature="afterClass()[pri:0, instance:vahanReportView.msil.tests.Com.Ttn.WebAutomation.DownloadVahanReportTest@49096b06, instance params:[VIRUDHUNAGAR RTO - TN67( 25-JUL-2018 )]]"
                             started-at="2025-02-18T19:37:50 IST" name="afterClass"
                             finished-at="2025-02-18T19:37:50 IST" duration-ms="0" status="PASS">
                    <reporter-output>
                    </reporter-output>
                </test-method> <!-- afterClass -->
                <test-method is-config="true"
                             signature="reportClosure(org.testng.ITestResult,java.lang.reflect.Method)[pri:0, instance:vahanReportView.msil.tests.Com.Ttn.WebAutomation.DownloadVahanReportTest@49096b06, instance params:[VIRUDHUNAGAR RTO - TN67( 25-JUL-2018 )]]"
                             started-at="2025-02-18T19:38:04 IST" name="reportClosure"
                             finished-at="2025-02-18T19:38:05 IST" duration-ms="771" status="PASS">
                    <params>
                        <param index="0">
                            <value>
                                <![CDATA[[TestResult name=POCDP status=SUCCESS method=DownloadVahanReportTest.POCDP()[pri:0, instance:vahanReportView.msil.tests.Com.Ttn.WebAutomation.DownloadVahanReportTest@faa3fed, instance params:[RTO CHENNAI (NORTH WEST) - TN2( 25-JUN-2018 )]] output={null}]]]>
                            </value>
                        </param>
                        <param index="1">
                            <value>
                                <![CDATA[public void vahanReportView.msil.tests.Com.Ttn.WebAutomation.DownloadVahanReportTest.POCDP()]]>
                            </value>
                        </param>
                    </params>
                    <reporter-output>
                    </reporter-output>
                </test-method> <!-- reportClosure -->
                <test-method is-config="true"
                             signature="afterClass()[pri:0, instance:vahanReportView.msil.tests.Com.Ttn.WebAutomation.DownloadVahanReportTest@49096b06, instance params:[VIRUDHUNAGAR RTO - TN67( 25-JUL-2018 )]]"
                             started-at="2025-02-18T19:38:05 IST" name="afterClass"
                             finished-at="2025-02-18T19:38:05 IST" duration-ms="1" status="PASS">
                    <reporter-output>
                    </reporter-output>
                </test-method> <!-- afterClass -->
                <test-method is-config="true"
                             signature="reportClosure(org.testng.ITestResult,java.lang.reflect.Method)[pri:0, instance:vahanReportView.msil.tests.Com.Ttn.WebAutomation.DownloadVahanReportTest@49096b06, instance params:[VIRUDHUNAGAR RTO - TN67( 25-JUL-2018 )]]"
                             started-at="2025-02-18T19:38:06 IST" name="reportClosure"
                             finished-at="2025-02-18T19:38:06 IST" duration-ms="609" status="PASS">
                    <params>
                        <param index="0">
                            <value>
                                <![CDATA[[TestResult name=POCDP status=SUCCESS method=DownloadVahanReportTest.POCDP()[pri:0, instance:vahanReportView.msil.tests.Com.Ttn.WebAutomation.DownloadVahanReportTest@f2c488, instance params:[NAGERCOIL RTO - TN74( 28-AUG-2018 )]] output={null}]]]>
                            </value>
                        </param>
                        <param index="1">
                            <value>
                                <![CDATA[public void vahanReportView.msil.tests.Com.Ttn.WebAutomation.DownloadVahanReportTest.POCDP()]]>
                            </value>
                        </param>
                    </params>
                    <reporter-output>
                    </reporter-output>
                </test-method> <!-- reportClosure -->
                <test-method is-config="true"
                             signature="afterClass()[pri:0, instance:vahanReportView.msil.tests.Com.Ttn.WebAutomation.DownloadVahanReportTest@49096b06, instance params:[VIRUDHUNAGAR RTO - TN67( 25-JUL-2018 )]]"
                             started-at="2025-02-18T19:38:06 IST" name="afterClass"
                             finished-at="2025-02-18T19:38:06 IST" duration-ms="0" status="PASS">
                    <reporter-output>
                    </reporter-output>
                </test-method> <!-- afterClass -->
                <test-method is-config="true"
                             signature="getResult(org.testng.ITestContext)[pri:0, instance:vahanReportView.msil.tests.Com.Ttn.WebAutomation.DownloadVahanReportTest@49096b06, instance params:[VIRUDHUNAGAR RTO - TN67( 25-JUL-2018 )]]"
                             started-at="2025-02-18T19:38:06 IST" name="getResult" finished-at="2025-02-18T19:38:06 IST"
                             duration-ms="81" status="PASS">
                    <params>
                        <param index="0">
                            <value>
                                <![CDATA[org.testng.TestRunner@69e05f61]]>
                            </value>
                        </param>
                    </params>
                    <reporter-output>
                    </reporter-output>
                </test-method> <!-- getResult -->
                <test-method is-config="true"
                             signature="afterSuite()[pri:0, instance:vahanReportView.msil.tests.Com.Ttn.WebAutomation.DownloadVahanReportTest@49096b06, instance params:[VIRUDHUNAGAR RTO - TN67( 25-JUL-2018 )]]"
                             started-at="2025-02-18T19:38:06 IST" name="afterSuite"
                             finished-at="2025-02-18T19:38:06 IST" duration-ms="84" status="PASS">
                    <reporter-output>
                    </reporter-output>
                </test-method> <!-- afterSuite -->
            </class> <!-- vahanReportView.msil.tests.Com.Ttn.WebAutomation.DownloadVahanReportTest -->
        </test> <!-- Test Chrome -->
    </suite> <!-- Suite -->
</testng-results>
